{
  "numTotalTestSuites": 54,
  "numPassedTestSuites": 7,
  "numFailedTestSuites": 47,
  "numPendingTestSuites": 0,
  "numTotalTests": 126,
  "numPassedTests": 53,
  "numFailedTests": 73,
  "numPendingTests": 0,
  "numTodoTests": 0,
  "snapshot": {
    "added": 0,
    "failure": false,
    "filesAdded": 0,
    "filesRemoved": 0,
    "filesRemovedList": [],
    "filesUnmatched": 0,
    "filesUpdated": 0,
    "matched": 0,
    "total": 0,
    "unchecked": 0,
    "uncheckedKeysByFile": [],
    "unmatched": 0,
    "updated": 0,
    "didUpdate": false
  },
  "startTime": 1768614816276,
  "success": false,
  "testResults": [
    {
      "assertionResults": [
        {
          "ancestorTitles": ["Client Environment Setup"],
          "fullName": "Client Environment Setup should have Canvas API mocked",
          "status": "passed",
          "title": "should have Canvas API mocked",
          "duration": 0.6043329999999969,
          "failureMessages": [],
          "meta": {}
        },
        {
          "ancestorTitles": ["Client Environment Setup"],
          "fullName": "Client Environment Setup should create mock canvas context",
          "status": "failed",
          "title": "should create mock canvas context",
          "duration": 4.204709000000037,
          "failureMessages": [
            "AssertionError: expected 'undefined' to be 'function' // Object.is equality\n    at /Users/mathieu/dev/outside/packages/outside-client/src/environment.test.ts:14:42\n    at file:///Users/mathieu/dev/outside/node_modules/.pnpm/@vitest+runner@4.0.17/node_modules/@vitest/runner/dist/index.js:145:11\n    at file:///Users/mathieu/dev/outside/node_modules/.pnpm/@vitest+runner@4.0.17/node_modules/@vitest/runner/dist/index.js:915:26\n    at file:///Users/mathieu/dev/outside/node_modules/.pnpm/@vitest+runner@4.0.17/node_modules/@vitest/runner/dist/index.js:1243:20\n    at new Promise (<anonymous>)\n    at runWithTimeout (file:///Users/mathieu/dev/outside/node_modules/.pnpm/@vitest+runner@4.0.17/node_modules/@vitest/runner/dist/index.js:1209:10)\n    at file:///Users/mathieu/dev/outside/node_modules/.pnpm/@vitest+runner@4.0.17/node_modules/@vitest/runner/dist/index.js:1653:37\n    at Traces.$ (file:///Users/mathieu/dev/outside/node_modules/.pnpm/vitest@4.0.17_@opentelemetry+api@1.9.0_@types+node@25.0.9_@vitest+ui@4.0.17_jsdom@25.0.1_tsx@4.21.0/node_modules/vitest/dist/chunks/traces.CCmnQaNT.js:142:27)\n    at trace (file:///Users/mathieu/dev/outside/node_modules/.pnpm/vitest@4.0.17_@opentelemetry+api@1.9.0_@types+node@25.0.9_@vitest+ui@4.0.17_jsdom@25.0.1_tsx@4.21.0/node_modules/vitest/dist/chunks/test.B8ej_ZHS.js:239:21)\n    at runTest (file:///Users/mathieu/dev/outside/node_modules/.pnpm/@vitest+runner@4.0.17/node_modules/@vitest/runner/dist/index.js:1653:12)"
          ],
          "meta": {}
        },
        {
          "ancestorTitles": ["Client Environment Setup"],
          "fullName": "Client Environment Setup should mock PIXI.js imports",
          "status": "passed",
          "title": "should mock PIXI.js imports",
          "duration": 181.364917,
          "failureMessages": [],
          "meta": {}
        }
      ],
      "startTime": 1768614816806,
      "endTime": 1768614816992.365,
      "status": "failed",
      "message": "",
      "name": "/Users/mathieu/dev/outside/packages/outside-client/src/environment.test.ts"
    },
    {
      "assertionResults": [
        {
          "ancestorTitles": ["Command Parser", "Bot Creation Commands"],
          "fullName": "Command Parser Bot Creation Commands should parse create bot command",
          "status": "failed",
          "title": "should parse create bot command",
          "duration": 4.3110000000000355,
          "failureMessages": [
            "AssertionError: expected { type: 'create', …(3) } to deeply equal { type: 'create', …(2) }\n    at /Users/mathieu/dev/outside/packages/outside-client/src/commands/parser.test.ts:13:22\n    at file:///Users/mathieu/dev/outside/node_modules/.pnpm/@vitest+runner@4.0.17/node_modules/@vitest/runner/dist/index.js:145:11\n    at file:///Users/mathieu/dev/outside/node_modules/.pnpm/@vitest+runner@4.0.17/node_modules/@vitest/runner/dist/index.js:915:26\n    at file:///Users/mathieu/dev/outside/node_modules/.pnpm/@vitest+runner@4.0.17/node_modules/@vitest/runner/dist/index.js:1243:20\n    at new Promise (<anonymous>)\n    at runWithTimeout (file:///Users/mathieu/dev/outside/node_modules/.pnpm/@vitest+runner@4.0.17/node_modules/@vitest/runner/dist/index.js:1209:10)\n    at file:///Users/mathieu/dev/outside/node_modules/.pnpm/@vitest+runner@4.0.17/node_modules/@vitest/runner/dist/index.js:1653:37\n    at Traces.$ (file:///Users/mathieu/dev/outside/node_modules/.pnpm/vitest@4.0.17_@opentelemetry+api@1.9.0_@types+node@25.0.9_@vitest+ui@4.0.17_jsdom@25.0.1_tsx@4.21.0/node_modules/vitest/dist/chunks/traces.CCmnQaNT.js:142:27)\n    at trace (file:///Users/mathieu/dev/outside/node_modules/.pnpm/vitest@4.0.17_@opentelemetry+api@1.9.0_@types+node@25.0.9_@vitest+ui@4.0.17_jsdom@25.0.1_tsx@4.21.0/node_modules/vitest/dist/chunks/test.B8ej_ZHS.js:239:21)\n    at runTest (file:///Users/mathieu/dev/outside/node_modules/.pnpm/@vitest+runner@4.0.17/node_modules/@vitest/runner/dist/index.js:1653:12)"
          ],
          "meta": {}
        },
        {
          "ancestorTitles": ["Command Parser", "Bot Creation Commands"],
          "fullName": "Command Parser Bot Creation Commands should parse create terrain command",
          "status": "failed",
          "title": "should parse create terrain command",
          "duration": 1.1374580000000378,
          "failureMessages": [
            "AssertionError: expected { type: 'create', …(8) } to deeply equal { type: 'create', …(7) }\n    at /Users/mathieu/dev/outside/packages/outside-client/src/commands/parser.test.ts:23:22\n    at file:///Users/mathieu/dev/outside/node_modules/.pnpm/@vitest+runner@4.0.17/node_modules/@vitest/runner/dist/index.js:145:11\n    at file:///Users/mathieu/dev/outside/node_modules/.pnpm/@vitest+runner@4.0.17/node_modules/@vitest/runner/dist/index.js:915:26\n    at file:///Users/mathieu/dev/outside/node_modules/.pnpm/@vitest+runner@4.0.17/node_modules/@vitest/runner/dist/index.js:1243:20\n    at new Promise (<anonymous>)\n    at runWithTimeout (file:///Users/mathieu/dev/outside/node_modules/.pnpm/@vitest+runner@4.0.17/node_modules/@vitest/runner/dist/index.js:1209:10)\n    at file:///Users/mathieu/dev/outside/node_modules/.pnpm/@vitest+runner@4.0.17/node_modules/@vitest/runner/dist/index.js:1653:37\n    at Traces.$ (file:///Users/mathieu/dev/outside/node_modules/.pnpm/vitest@4.0.17_@opentelemetry+api@1.9.0_@types+node@25.0.9_@vitest+ui@4.0.17_jsdom@25.0.1_tsx@4.21.0/node_modules/vitest/dist/chunks/traces.CCmnQaNT.js:142:27)\n    at trace (file:///Users/mathieu/dev/outside/node_modules/.pnpm/vitest@4.0.17_@opentelemetry+api@1.9.0_@types+node@25.0.9_@vitest+ui@4.0.17_jsdom@25.0.1_tsx@4.21.0/node_modules/vitest/dist/chunks/test.B8ej_ZHS.js:239:21)\n    at runTest (file:///Users/mathieu/dev/outside/node_modules/.pnpm/@vitest+runner@4.0.17/node_modules/@vitest/runner/dist/index.js:1653:12)"
          ],
          "meta": {}
        },
        {
          "ancestorTitles": ["Command Parser", "Bot Creation Commands"],
          "fullName": "Command Parser Bot Creation Commands should handle invalid create terrain command",
          "status": "passed",
          "title": "should handle invalid create terrain command",
          "duration": 0.2919999999999163,
          "failureMessages": [],
          "meta": {}
        },
        {
          "ancestorTitles": ["Command Parser", "Bot Placement Commands"],
          "fullName": "Command Parser Bot Placement Commands should parse place command",
          "status": "failed",
          "title": "should parse place command",
          "duration": 0.6941249999999854,
          "failureMessages": [
            "AssertionError: expected { type: 'place', id: 'test-bot', …(3) } to deeply equal { type: 'place', id: 'test-bot', …(2) }\n    at /Users/mathieu/dev/outside/packages/outside-client/src/commands/parser.test.ts:49:22\n    at file:///Users/mathieu/dev/outside/node_modules/.pnpm/@vitest+runner@4.0.17/node_modules/@vitest/runner/dist/index.js:145:11\n    at file:///Users/mathieu/dev/outside/node_modules/.pnpm/@vitest+runner@4.0.17/node_modules/@vitest/runner/dist/index.js:915:26\n    at file:///Users/mathieu/dev/outside/node_modules/.pnpm/@vitest+runner@4.0.17/node_modules/@vitest/runner/dist/index.js:1243:20\n    at new Promise (<anonymous>)\n    at runWithTimeout (file:///Users/mathieu/dev/outside/node_modules/.pnpm/@vitest+runner@4.0.17/node_modules/@vitest/runner/dist/index.js:1209:10)\n    at file:///Users/mathieu/dev/outside/node_modules/.pnpm/@vitest+runner@4.0.17/node_modules/@vitest/runner/dist/index.js:1653:37\n    at Traces.$ (file:///Users/mathieu/dev/outside/node_modules/.pnpm/vitest@4.0.17_@opentelemetry+api@1.9.0_@types+node@25.0.9_@vitest+ui@4.0.17_jsdom@25.0.1_tsx@4.21.0/node_modules/vitest/dist/chunks/traces.CCmnQaNT.js:142:27)\n    at trace (file:///Users/mathieu/dev/outside/node_modules/.pnpm/vitest@4.0.17_@opentelemetry+api@1.9.0_@types+node@25.0.9_@vitest+ui@4.0.17_jsdom@25.0.1_tsx@4.21.0/node_modules/vitest/dist/chunks/test.B8ej_ZHS.js:239:21)\n    at runTest (file:///Users/mathieu/dev/outside/node_modules/.pnpm/@vitest+runner@4.0.17/node_modules/@vitest/runner/dist/index.js:1653:12)"
          ],
          "meta": {}
        },
        {
          "ancestorTitles": ["Command Parser", "Bot Placement Commands"],
          "fullName": "Command Parser Bot Placement Commands should handle invalid place command",
          "status": "passed",
          "title": "should handle invalid place command",
          "duration": 0.08304199999997763,
          "failureMessages": [],
          "meta": {}
        },
        {
          "ancestorTitles": ["Command Parser", "Bot Movement Commands"],
          "fullName": "Command Parser Bot Movement Commands should parse move up command",
          "status": "failed",
          "title": "should parse move up command",
          "duration": 0.7576250000000755,
          "failureMessages": [
            "AssertionError: expected { type: 'move', …(4) } to deeply equal { type: 'move', …(3) }\n    at /Users/mathieu/dev/outside/packages/outside-client/src/commands/parser.test.ts:71:22\n    at file:///Users/mathieu/dev/outside/node_modules/.pnpm/@vitest+runner@4.0.17/node_modules/@vitest/runner/dist/index.js:145:11\n    at file:///Users/mathieu/dev/outside/node_modules/.pnpm/@vitest+runner@4.0.17/node_modules/@vitest/runner/dist/index.js:915:26\n    at file:///Users/mathieu/dev/outside/node_modules/.pnpm/@vitest+runner@4.0.17/node_modules/@vitest/runner/dist/index.js:1243:20\n    at new Promise (<anonymous>)\n    at runWithTimeout (file:///Users/mathieu/dev/outside/node_modules/.pnpm/@vitest+runner@4.0.17/node_modules/@vitest/runner/dist/index.js:1209:10)\n    at file:///Users/mathieu/dev/outside/node_modules/.pnpm/@vitest+runner@4.0.17/node_modules/@vitest/runner/dist/index.js:1653:37\n    at Traces.$ (file:///Users/mathieu/dev/outside/node_modules/.pnpm/vitest@4.0.17_@opentelemetry+api@1.9.0_@types+node@25.0.9_@vitest+ui@4.0.17_jsdom@25.0.1_tsx@4.21.0/node_modules/vitest/dist/chunks/traces.CCmnQaNT.js:142:27)\n    at trace (file:///Users/mathieu/dev/outside/node_modules/.pnpm/vitest@4.0.17_@opentelemetry+api@1.9.0_@types+node@25.0.9_@vitest+ui@4.0.17_jsdom@25.0.1_tsx@4.21.0/node_modules/vitest/dist/chunks/test.B8ej_ZHS.js:239:21)\n    at runTest (file:///Users/mathieu/dev/outside/node_modules/.pnpm/@vitest+runner@4.0.17/node_modules/@vitest/runner/dist/index.js:1653:12)"
          ],
          "meta": {}
        },
        {
          "ancestorTitles": ["Command Parser", "Bot Movement Commands"],
          "fullName": "Command Parser Bot Movement Commands should parse move diagonal command",
          "status": "failed",
          "title": "should parse move diagonal command",
          "duration": 0.7122499999999263,
          "failureMessages": [
            "AssertionError: expected { type: 'unknown', …(1) } to deeply equal { type: 'move', …(3) }\n    at /Users/mathieu/dev/outside/packages/outside-client/src/commands/parser.test.ts:82:22\n    at file:///Users/mathieu/dev/outside/node_modules/.pnpm/@vitest+runner@4.0.17/node_modules/@vitest/runner/dist/index.js:145:11\n    at file:///Users/mathieu/dev/outside/node_modules/.pnpm/@vitest+runner@4.0.17/node_modules/@vitest/runner/dist/index.js:915:26\n    at file:///Users/mathieu/dev/outside/node_modules/.pnpm/@vitest+runner@4.0.17/node_modules/@vitest/runner/dist/index.js:1243:20\n    at new Promise (<anonymous>)\n    at runWithTimeout (file:///Users/mathieu/dev/outside/node_modules/.pnpm/@vitest+runner@4.0.17/node_modules/@vitest/runner/dist/index.js:1209:10)\n    at file:///Users/mathieu/dev/outside/node_modules/.pnpm/@vitest+runner@4.0.17/node_modules/@vitest/runner/dist/index.js:1653:37\n    at Traces.$ (file:///Users/mathieu/dev/outside/node_modules/.pnpm/vitest@4.0.17_@opentelemetry+api@1.9.0_@types+node@25.0.9_@vitest+ui@4.0.17_jsdom@25.0.1_tsx@4.21.0/node_modules/vitest/dist/chunks/traces.CCmnQaNT.js:142:27)\n    at trace (file:///Users/mathieu/dev/outside/node_modules/.pnpm/vitest@4.0.17_@opentelemetry+api@1.9.0_@types+node@25.0.9_@vitest+ui@4.0.17_jsdom@25.0.1_tsx@4.21.0/node_modules/vitest/dist/chunks/test.B8ej_ZHS.js:239:21)\n    at runTest (file:///Users/mathieu/dev/outside/node_modules/.pnpm/@vitest+runner@4.0.17/node_modules/@vitest/runner/dist/index.js:1653:12)"
          ],
          "meta": {}
        },
        {
          "ancestorTitles": ["Command Parser", "Bot Movement Commands"],
          "fullName": "Command Parser Bot Movement Commands should handle invalid move command",
          "status": "passed",
          "title": "should handle invalid move command",
          "duration": 0.06795799999997598,
          "failureMessages": [],
          "meta": {}
        },
        {
          "ancestorTitles": ["Command Parser", "Bot Movement Commands"],
          "fullName": "Command Parser Bot Movement Commands should handle invalid distance",
          "status": "passed",
          "title": "should handle invalid distance",
          "duration": 0.048042000000009466,
          "failureMessages": [],
          "meta": {}
        },
        {
          "ancestorTitles": ["Command Parser", "Command Edge Cases"],
          "fullName": "Command Parser Command Edge Cases should handle empty command",
          "status": "passed",
          "title": "should handle empty command",
          "duration": 0.043000000000006366,
          "failureMessages": [],
          "meta": {}
        },
        {
          "ancestorTitles": ["Command Parser", "Command Edge Cases"],
          "fullName": "Command Parser Command Edge Cases should handle whitespace-only command",
          "status": "passed",
          "title": "should handle whitespace-only command",
          "duration": 0.03362499999991542,
          "failureMessages": [],
          "meta": {}
        },
        {
          "ancestorTitles": ["Command Parser", "Command Edge Cases"],
          "fullName": "Command Parser Command Edge Cases should handle unknown command",
          "status": "passed",
          "title": "should handle unknown command",
          "duration": 0.031582999999955064,
          "failureMessages": [],
          "meta": {}
        },
        {
          "ancestorTitles": ["Command Parser", "Command Edge Cases"],
          "fullName": "Command Parser Command Edge Cases should handle malformed create commands",
          "status": "passed",
          "title": "should handle malformed create commands",
          "duration": 0.8657080000000406,
          "failureMessages": [],
          "meta": {}
        },
        {
          "ancestorTitles": ["Command Parser", "Command Edge Cases"],
          "fullName": "Command Parser Command Edge Cases should handle malformed move commands",
          "status": "passed",
          "title": "should handle malformed move commands",
          "duration": 0.1019579999999678,
          "failureMessages": [],
          "meta": {}
        },
        {
          "ancestorTitles": ["Command Parser", "Command Edge Cases"],
          "fullName": "Command Parser Command Edge Cases should handle malformed place commands",
          "status": "passed",
          "title": "should handle malformed place commands",
          "duration": 0.09370799999999235,
          "failureMessages": [],
          "meta": {}
        },
        {
          "ancestorTitles": ["Command Parser", "Error Handling"],
          "fullName": "Command Parser Error Handling should handle parser errors gracefully",
          "status": "passed",
          "title": "should handle parser errors gracefully",
          "duration": 0.3713750000000573,
          "failureMessages": [],
          "meta": {}
        },
        {
          "ancestorTitles": ["Command Parser", "Error Handling"],
          "fullName": "Command Parser Error Handling should return unknown type for unparseable input",
          "status": "failed",
          "title": "should return unknown type for unparseable input",
          "duration": 0.669791000000032,
          "failureMessages": [
            "AssertionError: expected 'create' to be 'unknown' // Object.is equality\n    at /Users/mathieu/dev/outside/packages/outside-client/src/commands/parser.test.ts:198:27\n    at file:///Users/mathieu/dev/outside/node_modules/.pnpm/@vitest+runner@4.0.17/node_modules/@vitest/runner/dist/index.js:145:11\n    at file:///Users/mathieu/dev/outside/node_modules/.pnpm/@vitest+runner@4.0.17/node_modules/@vitest/runner/dist/index.js:915:26\n    at file:///Users/mathieu/dev/outside/node_modules/.pnpm/@vitest+runner@4.0.17/node_modules/@vitest/runner/dist/index.js:1243:20\n    at new Promise (<anonymous>)\n    at runWithTimeout (file:///Users/mathieu/dev/outside/node_modules/.pnpm/@vitest+runner@4.0.17/node_modules/@vitest/runner/dist/index.js:1209:10)\n    at file:///Users/mathieu/dev/outside/node_modules/.pnpm/@vitest+runner@4.0.17/node_modules/@vitest/runner/dist/index.js:1653:37\n    at Traces.$ (file:///Users/mathieu/dev/outside/node_modules/.pnpm/vitest@4.0.17_@opentelemetry+api@1.9.0_@types+node@25.0.9_@vitest+ui@4.0.17_jsdom@25.0.1_tsx@4.21.0/node_modules/vitest/dist/chunks/traces.CCmnQaNT.js:142:27)\n    at trace (file:///Users/mathieu/dev/outside/node_modules/.pnpm/vitest@4.0.17_@opentelemetry+api@1.9.0_@types+node@25.0.9_@vitest+ui@4.0.17_jsdom@25.0.1_tsx@4.21.0/node_modules/vitest/dist/chunks/test.B8ej_ZHS.js:239:21)\n    at runTest (file:///Users/mathieu/dev/outside/node_modules/.pnpm/@vitest+runner@4.0.17/node_modules/@vitest/runner/dist/index.js:1653:12)"
          ],
          "meta": {}
        },
        {
          "ancestorTitles": ["Command Parser", "Command Structure Consistency"],
          "fullName": "Command Parser Command Structure Consistency should maintain consistent result structure",
          "status": "passed",
          "title": "should maintain consistent result structure",
          "duration": 0.19862499999999272,
          "failureMessages": [],
          "meta": {}
        },
        {
          "ancestorTitles": ["Command Parser", "Command Structure Consistency"],
          "fullName": "Command Parser Command Structure Consistency should include appropriate payload properties",
          "status": "passed",
          "title": "should include appropriate payload properties",
          "duration": 0.12770799999998417,
          "failureMessages": [],
          "meta": {}
        },
        {
          "ancestorTitles": ["Command Parser", "Case Sensitivity"],
          "fullName": "Command Parser Case Sensitivity should handle case variations correctly",
          "status": "failed",
          "title": "should handle case variations correctly",
          "duration": 1.1784169999999676,
          "failureMessages": [
            "AssertionError: expected 'unknown' to be 'create' // Object.is equality\n    at /Users/mathieu/dev/outside/packages/outside-client/src/commands/parser.test.ts:258:29\n    at Array.forEach (<anonymous>)\n    at /Users/mathieu/dev/outside/packages/outside-client/src/commands/parser.test.ts:256:16\n    at file:///Users/mathieu/dev/outside/node_modules/.pnpm/@vitest+runner@4.0.17/node_modules/@vitest/runner/dist/index.js:145:11\n    at file:///Users/mathieu/dev/outside/node_modules/.pnpm/@vitest+runner@4.0.17/node_modules/@vitest/runner/dist/index.js:915:26\n    at file:///Users/mathieu/dev/outside/node_modules/.pnpm/@vitest+runner@4.0.17/node_modules/@vitest/runner/dist/index.js:1243:20\n    at new Promise (<anonymous>)\n    at runWithTimeout (file:///Users/mathieu/dev/outside/node_modules/.pnpm/@vitest+runner@4.0.17/node_modules/@vitest/runner/dist/index.js:1209:10)\n    at file:///Users/mathieu/dev/outside/node_modules/.pnpm/@vitest+runner@4.0.17/node_modules/@vitest/runner/dist/index.js:1653:37\n    at Traces.$ (file:///Users/mathieu/dev/outside/node_modules/.pnpm/vitest@4.0.17_@opentelemetry+api@1.9.0_@types+node@25.0.9_@vitest+ui@4.0.17_jsdom@25.0.1_tsx@4.21.0/node_modules/vitest/dist/chunks/traces.CCmnQaNT.js:142:27)"
          ],
          "meta": {}
        },
        {
          "ancestorTitles": ["Command Parser", "Case Sensitivity"],
          "fullName": "Command Parser Case Sensitivity should preserve case in raw output",
          "status": "passed",
          "title": "should preserve case in raw output",
          "duration": 0.07108399999992798,
          "failureMessages": [],
          "meta": {}
        }
      ],
      "startTime": 1768614816817,
      "endTime": 1768614816831.071,
      "status": "failed",
      "message": "",
      "name": "/Users/mathieu/dev/outside/packages/outside-client/src/commands/parser.test.ts"
    },
    {
      "assertionResults": [
        {
          "ancestorTitles": ["EventLogger Timeline Features", "getEventsUpTo"],
          "fullName": "EventLogger Timeline Features getEventsUpTo should return empty array for step 0",
          "status": "failed",
          "title": "should return empty array for step 0",
          "duration": 8.567666999999915,
          "failureMessages": [
            "AssertionError: expected [ { action: { …(2) }, …(2) } ] to have a length of +0 but got 1\n    at Proxy.<anonymous> (file:///Users/mathieu/dev/outside/node_modules/.pnpm/@vitest+expect@4.0.17/node_modules/@vitest/expect/dist/index.js:1322:20)\n    at Proxy.<anonymous> (file:///Users/mathieu/dev/outside/node_modules/.pnpm/@vitest+expect@4.0.17/node_modules/@vitest/expect/dist/index.js:1090:14)\n    at Proxy.methodWrapper (file:///Users/mathieu/dev/outside/node_modules/.pnpm/chai@6.2.2/node_modules/chai/index.js:1700:25)\n    at /Users/mathieu/dev/outside/packages/outside-client/src/store/persistence.test.ts:20:22\n    at file:///Users/mathieu/dev/outside/node_modules/.pnpm/@vitest+runner@4.0.17/node_modules/@vitest/runner/dist/index.js:145:11\n    at file:///Users/mathieu/dev/outside/node_modules/.pnpm/@vitest+runner@4.0.17/node_modules/@vitest/runner/dist/index.js:915:26\n    at file:///Users/mathieu/dev/outside/node_modules/.pnpm/@vitest+runner@4.0.17/node_modules/@vitest/runner/dist/index.js:1243:20\n    at new Promise (<anonymous>)\n    at runWithTimeout (file:///Users/mathieu/dev/outside/node_modules/.pnpm/@vitest+runner@4.0.17/node_modules/@vitest/runner/dist/index.js:1209:10)\n    at file:///Users/mathieu/dev/outside/node_modules/.pnpm/@vitest+runner@4.0.17/node_modules/@vitest/runner/dist/index.js:1653:37"
          ],
          "meta": {}
        },
        {
          "ancestorTitles": ["EventLogger Timeline Features", "getEventsUpTo"],
          "fullName": "EventLogger Timeline Features getEventsUpTo should return events up to specified step",
          "status": "failed",
          "title": "should return events up to specified step",
          "duration": 0.5664580000000115,
          "failureMessages": [
            "AssertionError: expected [ { action: { …(2) }, …(2) }, …(2) ] to have a length of 1 but got 3\n    at Proxy.<anonymous> (file:///Users/mathieu/dev/outside/node_modules/.pnpm/@vitest+expect@4.0.17/node_modules/@vitest/expect/dist/index.js:1322:20)\n    at Proxy.<anonymous> (file:///Users/mathieu/dev/outside/node_modules/.pnpm/@vitest+expect@4.0.17/node_modules/@vitest/expect/dist/index.js:1090:14)\n    at Proxy.methodWrapper (file:///Users/mathieu/dev/outside/node_modules/.pnpm/chai@6.2.2/node_modules/chai/index.js:1700:25)\n    at /Users/mathieu/dev/outside/packages/outside-client/src/store/persistence.test.ts:29:22\n    at file:///Users/mathieu/dev/outside/node_modules/.pnpm/@vitest+runner@4.0.17/node_modules/@vitest/runner/dist/index.js:145:11\n    at file:///Users/mathieu/dev/outside/node_modules/.pnpm/@vitest+runner@4.0.17/node_modules/@vitest/runner/dist/index.js:915:26\n    at file:///Users/mathieu/dev/outside/node_modules/.pnpm/@vitest+runner@4.0.17/node_modules/@vitest/runner/dist/index.js:1243:20\n    at new Promise (<anonymous>)\n    at runWithTimeout (file:///Users/mathieu/dev/outside/node_modules/.pnpm/@vitest+runner@4.0.17/node_modules/@vitest/runner/dist/index.js:1209:10)\n    at file:///Users/mathieu/dev/outside/node_modules/.pnpm/@vitest+runner@4.0.17/node_modules/@vitest/runner/dist/index.js:1653:37"
          ],
          "meta": {}
        },
        {
          "ancestorTitles": ["EventLogger Timeline Features", "getEventsUpTo"],
          "fullName": "EventLogger Timeline Features getEventsUpTo should handle negative step values",
          "status": "passed",
          "title": "should handle negative step values",
          "duration": 1.5074169999999185,
          "failureMessages": [],
          "meta": {}
        },
        {
          "ancestorTitles": ["EventLogger Timeline Features", "getEventsUpTo"],
          "fullName": "EventLogger Timeline Features getEventsUpTo should handle step beyond event count",
          "status": "failed",
          "title": "should handle step beyond event count",
          "duration": 0.6025419999999713,
          "failureMessages": [
            "AssertionError: expected [ { action: { …(2) }, …(2) }, …(6) ] to have a length of 2 but got 7\n    at Proxy.<anonymous> (file:///Users/mathieu/dev/outside/node_modules/.pnpm/@vitest+expect@4.0.17/node_modules/@vitest/expect/dist/index.js:1322:20)\n    at Proxy.<anonymous> (file:///Users/mathieu/dev/outside/node_modules/.pnpm/@vitest+expect@4.0.17/node_modules/@vitest/expect/dist/index.js:1090:14)\n    at Proxy.methodWrapper (file:///Users/mathieu/dev/outside/node_modules/.pnpm/chai@6.2.2/node_modules/chai/index.js:1700:25)\n    at /Users/mathieu/dev/outside/packages/outside-client/src/store/persistence.test.ts:53:22\n    at file:///Users/mathieu/dev/outside/node_modules/.pnpm/@vitest+runner@4.0.17/node_modules/@vitest/runner/dist/index.js:145:11\n    at file:///Users/mathieu/dev/outside/node_modules/.pnpm/@vitest+runner@4.0.17/node_modules/@vitest/runner/dist/index.js:915:26\n    at file:///Users/mathieu/dev/outside/node_modules/.pnpm/@vitest+runner@4.0.17/node_modules/@vitest/runner/dist/index.js:1243:20\n    at new Promise (<anonymous>)\n    at runWithTimeout (file:///Users/mathieu/dev/outside/node_modules/.pnpm/@vitest+runner@4.0.17/node_modules/@vitest/runner/dist/index.js:1209:10)\n    at file:///Users/mathieu/dev/outside/node_modules/.pnpm/@vitest+runner@4.0.17/node_modules/@vitest/runner/dist/index.js:1653:37"
          ],
          "meta": {}
        },
        {
          "ancestorTitles": ["EventLogger Timeline Features", "getEventsUpTo"],
          "fullName": "EventLogger Timeline Features getEventsUpTo should preserve event order and structure",
          "status": "failed",
          "title": "should preserve event order and structure",
          "duration": 0.9604590000000144,
          "failureMessages": [
            "AssertionError: expected [ { action: { …(2) }, …(2) }, …(9) ] to have a length of 3 but got 10\n    at Proxy.<anonymous> (file:///Users/mathieu/dev/outside/node_modules/.pnpm/@vitest+expect@4.0.17/node_modules/@vitest/expect/dist/index.js:1322:20)\n    at Proxy.<anonymous> (file:///Users/mathieu/dev/outside/node_modules/.pnpm/@vitest+expect@4.0.17/node_modules/@vitest/expect/dist/index.js:1090:14)\n    at Proxy.methodWrapper (file:///Users/mathieu/dev/outside/node_modules/.pnpm/chai@6.2.2/node_modules/chai/index.js:1700:25)\n    at /Users/mathieu/dev/outside/packages/outside-client/src/store/persistence.test.ts:63:22\n    at file:///Users/mathieu/dev/outside/node_modules/.pnpm/@vitest+runner@4.0.17/node_modules/@vitest/runner/dist/index.js:145:11\n    at file:///Users/mathieu/dev/outside/node_modules/.pnpm/@vitest+runner@4.0.17/node_modules/@vitest/runner/dist/index.js:915:26\n    at file:///Users/mathieu/dev/outside/node_modules/.pnpm/@vitest+runner@4.0.17/node_modules/@vitest/runner/dist/index.js:1243:20\n    at new Promise (<anonymous>)\n    at runWithTimeout (file:///Users/mathieu/dev/outside/node_modules/.pnpm/@vitest+runner@4.0.17/node_modules/@vitest/runner/dist/index.js:1209:10)\n    at file:///Users/mathieu/dev/outside/node_modules/.pnpm/@vitest+runner@4.0.17/node_modules/@vitest/runner/dist/index.js:1653:37"
          ],
          "meta": {}
        },
        {
          "ancestorTitles": ["EventLogger Timeline Features", "getEventsUpTo"],
          "fullName": "EventLogger Timeline Features getEventsUpTo should handle events without explicit steps",
          "status": "failed",
          "title": "should handle events without explicit steps",
          "duration": 0.748833999999988,
          "failureMessages": [
            "AssertionError: expected [ { action: { …(2) }, …(2) }, …(7) ] to have a length of 2 but got 8\n    at Proxy.<anonymous> (file:///Users/mathieu/dev/outside/node_modules/.pnpm/@vitest+expect@4.0.17/node_modules/@vitest/expect/dist/index.js:1322:20)\n    at Proxy.<anonymous> (file:///Users/mathieu/dev/outside/node_modules/.pnpm/@vitest+expect@4.0.17/node_modules/@vitest/expect/dist/index.js:1090:14)\n    at Proxy.methodWrapper (file:///Users/mathieu/dev/outside/node_modules/.pnpm/chai@6.2.2/node_modules/chai/index.js:1700:25)\n    at /Users/mathieu/dev/outside/packages/outside-client/src/store/persistence.test.ts:78:22\n    at file:///Users/mathieu/dev/outside/node_modules/.pnpm/@vitest+runner@4.0.17/node_modules/@vitest/runner/dist/index.js:145:11\n    at file:///Users/mathieu/dev/outside/node_modules/.pnpm/@vitest+runner@4.0.17/node_modules/@vitest/runner/dist/index.js:915:26\n    at file:///Users/mathieu/dev/outside/node_modules/.pnpm/@vitest+runner@4.0.17/node_modules/@vitest/runner/dist/index.js:1243:20\n    at new Promise (<anonymous>)\n    at runWithTimeout (file:///Users/mathieu/dev/outside/node_modules/.pnpm/@vitest+runner@4.0.17/node_modules/@vitest/runner/dist/index.js:1209:10)\n    at file:///Users/mathieu/dev/outside/node_modules/.pnpm/@vitest+runner@4.0.17/node_modules/@vitest/runner/dist/index.js:1653:37"
          ],
          "meta": {}
        },
        {
          "ancestorTitles": ["EventLogger Timeline Features", "setEvents"],
          "fullName": "EventLogger Timeline Features setEvents should replace entire event history",
          "status": "failed",
          "title": "should replace entire event history",
          "duration": 0.7287919999999986,
          "failureMessages": [
            "AssertionError: expected [ { action: { …(2) }, …(2) }, …(14) ] to have a length of 2 but got 15\n    at Proxy.<anonymous> (file:///Users/mathieu/dev/outside/node_modules/.pnpm/@vitest+expect@4.0.17/node_modules/@vitest/expect/dist/index.js:1322:20)\n    at Proxy.<anonymous> (file:///Users/mathieu/dev/outside/node_modules/.pnpm/@vitest+expect@4.0.17/node_modules/@vitest/expect/dist/index.js:1090:14)\n    at Proxy.methodWrapper (file:///Users/mathieu/dev/outside/node_modules/.pnpm/chai@6.2.2/node_modules/chai/index.js:1700:25)\n    at /Users/mathieu/dev/outside/packages/outside-client/src/store/persistence.test.ts:93:22\n    at file:///Users/mathieu/dev/outside/node_modules/.pnpm/@vitest+runner@4.0.17/node_modules/@vitest/runner/dist/index.js:145:11\n    at file:///Users/mathieu/dev/outside/node_modules/.pnpm/@vitest+runner@4.0.17/node_modules/@vitest/runner/dist/index.js:915:26\n    at file:///Users/mathieu/dev/outside/node_modules/.pnpm/@vitest+runner@4.0.17/node_modules/@vitest/runner/dist/index.js:1243:20\n    at new Promise (<anonymous>)\n    at runWithTimeout (file:///Users/mathieu/dev/outside/node_modules/.pnpm/@vitest+runner@4.0.17/node_modules/@vitest/runner/dist/index.js:1209:10)\n    at file:///Users/mathieu/dev/outside/node_modules/.pnpm/@vitest+runner@4.0.17/node_modules/@vitest/runner/dist/index.js:1653:37"
          ],
          "meta": {}
        },
        {
          "ancestorTitles": ["EventLogger Timeline Features", "setEvents"],
          "fullName": "EventLogger Timeline Features setEvents should handle empty event array",
          "status": "failed",
          "title": "should handle empty event array",
          "duration": 1.2946660000000065,
          "failureMessages": [
            "AssertionError: expected [ { action: { …(2) }, …(2) }, …(15) ] to have a length of 1 but got 16\n    at Proxy.<anonymous> (file:///Users/mathieu/dev/outside/node_modules/.pnpm/@vitest+expect@4.0.17/node_modules/@vitest/expect/dist/index.js:1322:20)\n    at Proxy.<anonymous> (file:///Users/mathieu/dev/outside/node_modules/.pnpm/@vitest+expect@4.0.17/node_modules/@vitest/expect/dist/index.js:1090:14)\n    at Proxy.methodWrapper (file:///Users/mathieu/dev/outside/node_modules/.pnpm/chai@6.2.2/node_modules/chai/index.js:1700:25)\n    at /Users/mathieu/dev/outside/packages/outside-client/src/store/persistence.test.ts:116:22\n    at file:///Users/mathieu/dev/outside/node_modules/.pnpm/@vitest+runner@4.0.17/node_modules/@vitest/runner/dist/index.js:145:11\n    at file:///Users/mathieu/dev/outside/node_modules/.pnpm/@vitest+runner@4.0.17/node_modules/@vitest/runner/dist/index.js:915:26\n    at file:///Users/mathieu/dev/outside/node_modules/.pnpm/@vitest+runner@4.0.17/node_modules/@vitest/runner/dist/index.js:1243:20\n    at new Promise (<anonymous>)\n    at runWithTimeout (file:///Users/mathieu/dev/outside/node_modules/.pnpm/@vitest+runner@4.0.17/node_modules/@vitest/runner/dist/index.js:1209:10)\n    at file:///Users/mathieu/dev/outside/node_modules/.pnpm/@vitest+runner@4.0.17/node_modules/@vitest/runner/dist/index.js:1653:37"
          ],
          "meta": {}
        },
        {
          "ancestorTitles": ["EventLogger Timeline Features", "setEvents"],
          "fullName": "EventLogger Timeline Features setEvents should clear getEventsUpTo cache after setEvents",
          "status": "failed",
          "title": "should clear getEventsUpTo cache after setEvents",
          "duration": 0.8220830000000205,
          "failureMessages": [
            "AssertionError: expected [ { action: { …(2) }, …(2) }, …(11) ] to have a length of 1 but got 12\n    at Proxy.<anonymous> (file:///Users/mathieu/dev/outside/node_modules/.pnpm/@vitest+expect@4.0.17/node_modules/@vitest/expect/dist/index.js:1322:20)\n    at Proxy.<anonymous> (file:///Users/mathieu/dev/outside/node_modules/.pnpm/@vitest+expect@4.0.17/node_modules/@vitest/expect/dist/index.js:1090:14)\n    at Proxy.methodWrapper (file:///Users/mathieu/dev/outside/node_modules/.pnpm/chai@6.2.2/node_modules/chai/index.js:1700:25)\n    at /Users/mathieu/dev/outside/packages/outside-client/src/store/persistence.test.ts:131:22\n    at file:///Users/mathieu/dev/outside/node_modules/.pnpm/@vitest+runner@4.0.17/node_modules/@vitest/runner/dist/index.js:145:11\n    at file:///Users/mathieu/dev/outside/node_modules/.pnpm/@vitest+runner@4.0.17/node_modules/@vitest/runner/dist/index.js:915:26\n    at file:///Users/mathieu/dev/outside/node_modules/.pnpm/@vitest+runner@4.0.17/node_modules/@vitest/runner/dist/index.js:1243:20\n    at new Promise (<anonymous>)\n    at runWithTimeout (file:///Users/mathieu/dev/outside/node_modules/.pnpm/@vitest+runner@4.0.17/node_modules/@vitest/runner/dist/index.js:1209:10)\n    at file:///Users/mathieu/dev/outside/node_modules/.pnpm/@vitest+runner@4.0.17/node_modules/@vitest/runner/dist/index.js:1653:37"
          ],
          "meta": {}
        },
        {
          "ancestorTitles": ["EventLogger Timeline Features", "Event Limit Enforcement"],
          "fullName": "EventLogger Timeline Features Event Limit Enforcement should handle large numbers of events efficiently",
          "status": "failed",
          "title": "should handle large numbers of events efficiently",
          "duration": 2449.231916,
          "failureMessages": [
            "AssertionError: expected [ { action: { …(2) }, …(2) }, …(1017) ] to have a length of 1000 but got 1018\n    at Proxy.<anonymous> (file:///Users/mathieu/dev/outside/node_modules/.pnpm/@vitest+expect@4.0.17/node_modules/@vitest/expect/dist/index.js:1322:20)\n    at Proxy.<anonymous> (file:///Users/mathieu/dev/outside/node_modules/.pnpm/@vitest+expect@4.0.17/node_modules/@vitest/expect/dist/index.js:1090:14)\n    at Proxy.methodWrapper (file:///Users/mathieu/dev/outside/node_modules/.pnpm/chai@6.2.2/node_modules/chai/index.js:1700:25)\n    at /Users/mathieu/dev/outside/packages/outside-client/src/store/persistence.test.ts:154:22\n    at file:///Users/mathieu/dev/outside/node_modules/.pnpm/@vitest+runner@4.0.17/node_modules/@vitest/runner/dist/index.js:145:11\n    at file:///Users/mathieu/dev/outside/node_modules/.pnpm/@vitest+runner@4.0.17/node_modules/@vitest/runner/dist/index.js:915:26\n    at file:///Users/mathieu/dev/outside/node_modules/.pnpm/@vitest+runner@4.0.17/node_modules/@vitest/runner/dist/index.js:1243:20\n    at new Promise (<anonymous>)\n    at runWithTimeout (file:///Users/mathieu/dev/outside/node_modules/.pnpm/@vitest+runner@4.0.17/node_modules/@vitest/runner/dist/index.js:1209:10)\n    at file:///Users/mathieu/dev/outside/node_modules/.pnpm/@vitest+runner@4.0.17/node_modules/@vitest/runner/dist/index.js:1653:37"
          ],
          "meta": {}
        },
        {
          "ancestorTitles": ["EventLogger Timeline Features", "Event Limit Enforcement"],
          "fullName": "EventLogger Timeline Features Event Limit Enforcement should handle event filtering at different ranges",
          "status": "failed",
          "title": "should handle event filtering at different ranges",
          "duration": 504.30891699999984,
          "failureMessages": [
            "AssertionError: expected [ { action: { …(2) }, …(2) }, …(71) ] to have a length of 5 but got 72\n    at Proxy.<anonymous> (file:///Users/mathieu/dev/outside/node_modules/.pnpm/@vitest+expect@4.0.17/node_modules/@vitest/expect/dist/index.js:1322:20)\n    at Proxy.<anonymous> (file:///Users/mathieu/dev/outside/node_modules/.pnpm/@vitest+expect@4.0.17/node_modules/@vitest/expect/dist/index.js:1090:14)\n    at Proxy.methodWrapper (file:///Users/mathieu/dev/outside/node_modules/.pnpm/chai@6.2.2/node_modules/chai/index.js:1700:25)\n    at /Users/mathieu/dev/outside/packages/outside-client/src/store/persistence.test.ts:172:45\n    at file:///Users/mathieu/dev/outside/node_modules/.pnpm/@vitest+runner@4.0.17/node_modules/@vitest/runner/dist/index.js:145:11\n    at file:///Users/mathieu/dev/outside/node_modules/.pnpm/@vitest+runner@4.0.17/node_modules/@vitest/runner/dist/index.js:915:26\n    at file:///Users/mathieu/dev/outside/node_modules/.pnpm/@vitest+runner@4.0.17/node_modules/@vitest/runner/dist/index.js:1243:20\n    at new Promise (<anonymous>)\n    at runWithTimeout (file:///Users/mathieu/dev/outside/node_modules/.pnpm/@vitest+runner@4.0.17/node_modules/@vitest/runner/dist/index.js:1209:10)\n    at file:///Users/mathieu/dev/outside/node_modules/.pnpm/@vitest+runner@4.0.17/node_modules/@vitest/runner/dist/index.js:1653:37"
          ],
          "meta": {}
        },
        {
          "ancestorTitles": ["EventLogger Timeline Features", "Event Limit Enforcement"],
          "fullName": "EventLogger Timeline Features Event Limit Enforcement should maintain performance with repeated getEventsUpTo calls",
          "status": "passed",
          "title": "should maintain performance with repeated getEventsUpTo calls",
          "duration": 3288.454083,
          "failureMessages": [],
          "meta": {}
        },
        {
          "ancestorTitles": ["EventLogger Timeline Features", "Integration with Timeline"],
          "fullName": "EventLogger Timeline Features Integration with Timeline should provide events suitable for timeline reconstruction",
          "status": "failed",
          "title": "should provide events suitable for timeline reconstruction",
          "duration": 35.90812499999993,
          "failureMessages": [
            "AssertionError: expected [ { action: { …(2) }, …(2) }, …(18) ] to have a length of 1 but got 19\n    at Proxy.<anonymous> (file:///Users/mathieu/dev/outside/node_modules/.pnpm/@vitest+expect@4.0.17/node_modules/@vitest/expect/dist/index.js:1322:20)\n    at Proxy.<anonymous> (file:///Users/mathieu/dev/outside/node_modules/.pnpm/@vitest+expect@4.0.17/node_modules/@vitest/expect/dist/index.js:1090:14)\n    at Proxy.methodWrapper (file:///Users/mathieu/dev/outside/node_modules/.pnpm/chai@6.2.2/node_modules/chai/index.js:1700:25)\n    at /Users/mathieu/dev/outside/packages/outside-client/src/store/persistence.test.ts:209:29\n    at file:///Users/mathieu/dev/outside/node_modules/.pnpm/@vitest+runner@4.0.17/node_modules/@vitest/runner/dist/index.js:145:11\n    at file:///Users/mathieu/dev/outside/node_modules/.pnpm/@vitest+runner@4.0.17/node_modules/@vitest/runner/dist/index.js:915:26\n    at file:///Users/mathieu/dev/outside/node_modules/.pnpm/@vitest+runner@4.0.17/node_modules/@vitest/runner/dist/index.js:1243:20\n    at new Promise (<anonymous>)\n    at runWithTimeout (file:///Users/mathieu/dev/outside/node_modules/.pnpm/@vitest+runner@4.0.17/node_modules/@vitest/runner/dist/index.js:1209:10)\n    at file:///Users/mathieu/dev/outside/node_modules/.pnpm/@vitest+runner@4.0.17/node_modules/@vitest/runner/dist/index.js:1653:37"
          ],
          "meta": {}
        },
        {
          "ancestorTitles": ["EventLogger Timeline Features", "Integration with Timeline"],
          "fullName": "EventLogger Timeline Features Integration with Timeline should handle complex action types in timeline context",
          "status": "failed",
          "title": "should handle complex action types in timeline context",
          "duration": 26.512374999999338,
          "failureMessages": [
            "AssertionError: expected [ { action: { …(2) }, …(2) }, …(45) ] to have a length of 3 but got 46\n    at Proxy.<anonymous> (file:///Users/mathieu/dev/outside/node_modules/.pnpm/@vitest+expect@4.0.17/node_modules/@vitest/expect/dist/index.js:1322:20)\n    at Proxy.<anonymous> (file:///Users/mathieu/dev/outside/node_modules/.pnpm/@vitest+expect@4.0.17/node_modules/@vitest/expect/dist/index.js:1090:14)\n    at Proxy.methodWrapper (file:///Users/mathieu/dev/outside/node_modules/.pnpm/chai@6.2.2/node_modules/chai/index.js:1700:25)\n    at /Users/mathieu/dev/outside/packages/outside-client/src/store/persistence.test.ts:226:25\n    at file:///Users/mathieu/dev/outside/node_modules/.pnpm/@vitest+runner@4.0.17/node_modules/@vitest/runner/dist/index.js:145:11\n    at file:///Users/mathieu/dev/outside/node_modules/.pnpm/@vitest+runner@4.0.17/node_modules/@vitest/runner/dist/index.js:915:26\n    at file:///Users/mathieu/dev/outside/node_modules/.pnpm/@vitest+runner@4.0.17/node_modules/@vitest/runner/dist/index.js:1243:20\n    at new Promise (<anonymous>)\n    at runWithTimeout (file:///Users/mathieu/dev/outside/node_modules/.pnpm/@vitest+runner@4.0.17/node_modules/@vitest/runner/dist/index.js:1209:10)\n    at file:///Users/mathieu/dev/outside/node_modules/.pnpm/@vitest+runner@4.0.17/node_modules/@vitest/runner/dist/index.js:1653:37"
          ],
          "meta": {}
        },
        {
          "ancestorTitles": ["EventLogger Timeline Features", "Error Handling"],
          "fullName": "EventLogger Timeline Features Error Handling should handle malformed events gracefully",
          "status": "passed",
          "title": "should handle malformed events gracefully",
          "duration": 0.16395899999952235,
          "failureMessages": [],
          "meta": {}
        },
        {
          "ancestorTitles": ["EventLogger Timeline Features", "Error Handling"],
          "fullName": "EventLogger Timeline Features Error Handling should handle events with missing steps",
          "status": "failed",
          "title": "should handle events with missing steps",
          "duration": 0.18170800000007148,
          "failureMessages": [
            "AssertionError: expected [ { action: { …(2) }, …(2) } ] to have a length of 3 but got 1\n    at Proxy.<anonymous> (file:///Users/mathieu/dev/outside/node_modules/.pnpm/@vitest+expect@4.0.17/node_modules/@vitest/expect/dist/index.js:1322:20)\n    at Proxy.<anonymous> (file:///Users/mathieu/dev/outside/node_modules/.pnpm/@vitest+expect@4.0.17/node_modules/@vitest/expect/dist/index.js:1090:14)\n    at Proxy.methodWrapper (file:///Users/mathieu/dev/outside/node_modules/.pnpm/chai@6.2.2/node_modules/chai/index.js:1700:25)\n    at /Users/mathieu/dev/outside/packages/outside-client/src/store/persistence.test.ts:257:22\n    at file:///Users/mathieu/dev/outside/node_modules/.pnpm/@vitest+runner@4.0.17/node_modules/@vitest/runner/dist/index.js:145:11\n    at file:///Users/mathieu/dev/outside/node_modules/.pnpm/@vitest+runner@4.0.17/node_modules/@vitest/runner/dist/index.js:915:26\n    at file:///Users/mathieu/dev/outside/node_modules/.pnpm/@vitest+runner@4.0.17/node_modules/@vitest/runner/dist/index.js:1243:20\n    at new Promise (<anonymous>)\n    at runWithTimeout (file:///Users/mathieu/dev/outside/node_modules/.pnpm/@vitest+runner@4.0.17/node_modules/@vitest/runner/dist/index.js:1209:10)\n    at file:///Users/mathieu/dev/outside/node_modules/.pnpm/@vitest+runner@4.0.17/node_modules/@vitest/runner/dist/index.js:1653:37"
          ],
          "meta": {}
        }
      ],
      "startTime": 1768614816832,
      "endTime": 1768614823153.5125,
      "status": "failed",
      "message": "",
      "name": "/Users/mathieu/dev/outside/packages/outside-client/src/store/persistence.test.ts"
    },
    {
      "assertionResults": [
        {
          "ancestorTitles": ["Reducer Logic", "CREATE_BOT Action"],
          "fullName": "Reducer Logic CREATE_BOT Action should create new bot with valid payload",
          "status": "failed",
          "title": "should create new bot with valid payload",
          "duration": 3.9688340000000153,
          "failureMessages": [
            "Error: [Immer] The plugin for 'MapSet' has not been loaded into Immer. To enable the plugin, import and call `enableMapSet()` when initializing your application.\n    at die (file:///Users/mathieu/dev/outside/node_modules/.pnpm/immer@10.2.0/node_modules/immer/dist/immer.mjs:42:11)\n    at getPlugin (file:///Users/mathieu/dev/outside/node_modules/.pnpm/immer@10.2.0/node_modules/immer/dist/immer.mjs:202:5)\n    at createProxy (file:///Users/mathieu/dev/outside/node_modules/.pnpm/immer@10.2.0/node_modules/immer/dist/immer.mjs:730:32)\n    at Object.get (file:///Users/mathieu/dev/outside/node_modules/.pnpm/immer@10.2.0/node_modules/immer/dist/immer.mjs:437:34)\n    at /Users/mathieu/dev/outside/packages/outside-client/src/store/reducers.ts:34:19\n    at Immer2.produce (file:///Users/mathieu/dev/outside/node_modules/.pnpm/immer@10.2.0/node_modules/immer/dist/immer.mjs:614:20)\n    at reducer (/Users/mathieu/dev/outside/packages/outside-client/src/store/reducers.ts:28:10)\n    at /Users/mathieu/dev/outside/packages/outside-client/src/store/reducers.test.ts:20:24\n    at file:///Users/mathieu/dev/outside/node_modules/.pnpm/@vitest+runner@4.0.17/node_modules/@vitest/runner/dist/index.js:145:11\n    at file:///Users/mathieu/dev/outside/node_modules/.pnpm/@vitest+runner@4.0.17/node_modules/@vitest/runner/dist/index.js:915:26"
          ],
          "meta": {}
        },
        {
          "ancestorTitles": ["Reducer Logic", "CREATE_BOT Action"],
          "fullName": "Reducer Logic CREATE_BOT Action should ignore duplicate bot creation",
          "status": "failed",
          "title": "should ignore duplicate bot creation",
          "duration": 0.1916670000000522,
          "failureMessages": [
            "Error: [Immer] The plugin for 'MapSet' has not been loaded into Immer. To enable the plugin, import and call `enableMapSet()` when initializing your application.\n    at die (file:///Users/mathieu/dev/outside/node_modules/.pnpm/immer@10.2.0/node_modules/immer/dist/immer.mjs:42:11)\n    at getPlugin (file:///Users/mathieu/dev/outside/node_modules/.pnpm/immer@10.2.0/node_modules/immer/dist/immer.mjs:202:5)\n    at createProxy (file:///Users/mathieu/dev/outside/node_modules/.pnpm/immer@10.2.0/node_modules/immer/dist/immer.mjs:730:32)\n    at Object.get (file:///Users/mathieu/dev/outside/node_modules/.pnpm/immer@10.2.0/node_modules/immer/dist/immer.mjs:437:34)\n    at /Users/mathieu/dev/outside/packages/outside-client/src/store/reducers.ts:34:19\n    at Immer2.produce (file:///Users/mathieu/dev/outside/node_modules/.pnpm/immer@10.2.0/node_modules/immer/dist/immer.mjs:614:20)\n    at reducer (/Users/mathieu/dev/outside/packages/outside-client/src/store/reducers.ts:28:10)\n    at /Users/mathieu/dev/outside/packages/outside-client/src/store/reducers.test.ts:37:28\n    at file:///Users/mathieu/dev/outside/node_modules/.pnpm/@vitest+runner@4.0.17/node_modules/@vitest/runner/dist/index.js:145:11\n    at file:///Users/mathieu/dev/outside/node_modules/.pnpm/@vitest+runner@4.0.17/node_modules/@vitest/runner/dist/index.js:915:26"
          ],
          "meta": {}
        },
        {
          "ancestorTitles": ["Reducer Logic", "CREATE_BOT Action"],
          "fullName": "Reducer Logic CREATE_BOT Action should create bot with default position",
          "status": "failed",
          "title": "should create bot with default position",
          "duration": 0.12879199999997581,
          "failureMessages": [
            "Error: [Immer] The plugin for 'MapSet' has not been loaded into Immer. To enable the plugin, import and call `enableMapSet()` when initializing your application.\n    at die (file:///Users/mathieu/dev/outside/node_modules/.pnpm/immer@10.2.0/node_modules/immer/dist/immer.mjs:42:11)\n    at getPlugin (file:///Users/mathieu/dev/outside/node_modules/.pnpm/immer@10.2.0/node_modules/immer/dist/immer.mjs:202:5)\n    at createProxy (file:///Users/mathieu/dev/outside/node_modules/.pnpm/immer@10.2.0/node_modules/immer/dist/immer.mjs:730:32)\n    at Object.get (file:///Users/mathieu/dev/outside/node_modules/.pnpm/immer@10.2.0/node_modules/immer/dist/immer.mjs:437:34)\n    at /Users/mathieu/dev/outside/packages/outside-client/src/store/reducers.ts:34:19\n    at Immer2.produce (file:///Users/mathieu/dev/outside/node_modules/.pnpm/immer@10.2.0/node_modules/immer/dist/immer.mjs:614:20)\n    at reducer (/Users/mathieu/dev/outside/packages/outside-client/src/store/reducers.ts:28:10)\n    at /Users/mathieu/dev/outside/packages/outside-client/src/store/reducers.test.ts:56:24\n    at file:///Users/mathieu/dev/outside/node_modules/.pnpm/@vitest+runner@4.0.17/node_modules/@vitest/runner/dist/index.js:145:11\n    at file:///Users/mathieu/dev/outside/node_modules/.pnpm/@vitest+runner@4.0.17/node_modules/@vitest/runner/dist/index.js:915:26"
          ],
          "meta": {}
        },
        {
          "ancestorTitles": ["Reducer Logic", "MOVE_BOT Action"],
          "fullName": "Reducer Logic MOVE_BOT Action should move bot to valid position",
          "status": "failed",
          "title": "should move bot to valid position",
          "duration": 0.12470800000005511,
          "failureMessages": [
            "Error: [Immer] The plugin for 'MapSet' has not been loaded into Immer. To enable the plugin, import and call `enableMapSet()` when initializing your application.\n    at die (file:///Users/mathieu/dev/outside/node_modules/.pnpm/immer@10.2.0/node_modules/immer/dist/immer.mjs:42:11)\n    at getPlugin (file:///Users/mathieu/dev/outside/node_modules/.pnpm/immer@10.2.0/node_modules/immer/dist/immer.mjs:202:5)\n    at createProxy (file:///Users/mathieu/dev/outside/node_modules/.pnpm/immer@10.2.0/node_modules/immer/dist/immer.mjs:730:32)\n    at Object.get (file:///Users/mathieu/dev/outside/node_modules/.pnpm/immer@10.2.0/node_modules/immer/dist/immer.mjs:437:34)\n    at /Users/mathieu/dev/outside/packages/outside-client/src/store/reducers.ts:34:19\n    at Immer2.produce (file:///Users/mathieu/dev/outside/node_modules/.pnpm/immer@10.2.0/node_modules/immer/dist/immer.mjs:614:20)\n    at reducer (/Users/mathieu/dev/outside/packages/outside-client/src/store/reducers.ts:28:10)\n    at /Users/mathieu/dev/outside/packages/outside-client/src/store/reducers.test.ts:70:7\n    at file:///Users/mathieu/dev/outside/node_modules/.pnpm/@vitest+runner@4.0.17/node_modules/@vitest/runner/dist/index.js:145:11\n    at file:///Users/mathieu/dev/outside/node_modules/.pnpm/@vitest+runner@4.0.17/node_modules/@vitest/runner/dist/index.js:1243:20"
          ],
          "meta": {}
        },
        {
          "ancestorTitles": ["Reducer Logic", "MOVE_BOT Action"],
          "fullName": "Reducer Logic MOVE_BOT Action should handle move of non-existent bot",
          "status": "failed",
          "title": "should handle move of non-existent bot",
          "duration": 0.11466700000005403,
          "failureMessages": [
            "Error: [Immer] The plugin for 'MapSet' has not been loaded into Immer. To enable the plugin, import and call `enableMapSet()` when initializing your application.\n    at die (file:///Users/mathieu/dev/outside/node_modules/.pnpm/immer@10.2.0/node_modules/immer/dist/immer.mjs:42:11)\n    at getPlugin (file:///Users/mathieu/dev/outside/node_modules/.pnpm/immer@10.2.0/node_modules/immer/dist/immer.mjs:202:5)\n    at createProxy (file:///Users/mathieu/dev/outside/node_modules/.pnpm/immer@10.2.0/node_modules/immer/dist/immer.mjs:730:32)\n    at Object.get (file:///Users/mathieu/dev/outside/node_modules/.pnpm/immer@10.2.0/node_modules/immer/dist/immer.mjs:437:34)\n    at /Users/mathieu/dev/outside/packages/outside-client/src/store/reducers.ts:34:19\n    at Immer2.produce (file:///Users/mathieu/dev/outside/node_modules/.pnpm/immer@10.2.0/node_modules/immer/dist/immer.mjs:614:20)\n    at reducer (/Users/mathieu/dev/outside/packages/outside-client/src/store/reducers.ts:28:10)\n    at /Users/mathieu/dev/outside/packages/outside-client/src/store/reducers.test.ts:70:7\n    at file:///Users/mathieu/dev/outside/node_modules/.pnpm/@vitest+runner@4.0.17/node_modules/@vitest/runner/dist/index.js:145:11\n    at file:///Users/mathieu/dev/outside/node_modules/.pnpm/@vitest+runner@4.0.17/node_modules/@vitest/runner/dist/index.js:1243:20"
          ],
          "meta": {}
        },
        {
          "ancestorTitles": ["Reducer Logic", "MOVE_BOT Action"],
          "fullName": "Reducer Logic MOVE_BOT Action should validate move direction and distance",
          "status": "failed",
          "title": "should validate move direction and distance",
          "duration": 0.807666999999924,
          "failureMessages": [
            "Error: [Immer] The plugin for 'MapSet' has not been loaded into Immer. To enable the plugin, import and call `enableMapSet()` when initializing your application.\n    at die (file:///Users/mathieu/dev/outside/node_modules/.pnpm/immer@10.2.0/node_modules/immer/dist/immer.mjs:42:11)\n    at getPlugin (file:///Users/mathieu/dev/outside/node_modules/.pnpm/immer@10.2.0/node_modules/immer/dist/immer.mjs:202:5)\n    at createProxy (file:///Users/mathieu/dev/outside/node_modules/.pnpm/immer@10.2.0/node_modules/immer/dist/immer.mjs:730:32)\n    at Object.get (file:///Users/mathieu/dev/outside/node_modules/.pnpm/immer@10.2.0/node_modules/immer/dist/immer.mjs:437:34)\n    at /Users/mathieu/dev/outside/packages/outside-client/src/store/reducers.ts:34:19\n    at Immer2.produce (file:///Users/mathieu/dev/outside/node_modules/.pnpm/immer@10.2.0/node_modules/immer/dist/immer.mjs:614:20)\n    at reducer (/Users/mathieu/dev/outside/packages/outside-client/src/store/reducers.ts:28:10)\n    at /Users/mathieu/dev/outside/packages/outside-client/src/store/reducers.test.ts:70:7\n    at file:///Users/mathieu/dev/outside/node_modules/.pnpm/@vitest+runner@4.0.17/node_modules/@vitest/runner/dist/index.js:145:11\n    at file:///Users/mathieu/dev/outside/node_modules/.pnpm/@vitest+runner@4.0.17/node_modules/@vitest/runner/dist/index.js:1243:20"
          ],
          "meta": {}
        },
        {
          "ancestorTitles": ["Reducer Logic", "MOVE_BOT Action"],
          "fullName": "Reducer Logic MOVE_BOT Action should handle zero distance move",
          "status": "failed",
          "title": "should handle zero distance move",
          "duration": 0.14637499999992087,
          "failureMessages": [
            "Error: [Immer] The plugin for 'MapSet' has not been loaded into Immer. To enable the plugin, import and call `enableMapSet()` when initializing your application.\n    at die (file:///Users/mathieu/dev/outside/node_modules/.pnpm/immer@10.2.0/node_modules/immer/dist/immer.mjs:42:11)\n    at getPlugin (file:///Users/mathieu/dev/outside/node_modules/.pnpm/immer@10.2.0/node_modules/immer/dist/immer.mjs:202:5)\n    at createProxy (file:///Users/mathieu/dev/outside/node_modules/.pnpm/immer@10.2.0/node_modules/immer/dist/immer.mjs:730:32)\n    at Object.get (file:///Users/mathieu/dev/outside/node_modules/.pnpm/immer@10.2.0/node_modules/immer/dist/immer.mjs:437:34)\n    at /Users/mathieu/dev/outside/packages/outside-client/src/store/reducers.ts:34:19\n    at Immer2.produce (file:///Users/mathieu/dev/outside/node_modules/.pnpm/immer@10.2.0/node_modules/immer/dist/immer.mjs:614:20)\n    at reducer (/Users/mathieu/dev/outside/packages/outside-client/src/store/reducers.ts:28:10)\n    at /Users/mathieu/dev/outside/packages/outside-client/src/store/reducers.test.ts:70:7\n    at file:///Users/mathieu/dev/outside/node_modules/.pnpm/@vitest+runner@4.0.17/node_modules/@vitest/runner/dist/index.js:145:11\n    at file:///Users/mathieu/dev/outside/node_modules/.pnpm/@vitest+runner@4.0.17/node_modules/@vitest/runner/dist/index.js:1243:20"
          ],
          "meta": {}
        },
        {
          "ancestorTitles": ["Reducer Logic", "PLACE_TERRAIN Action"],
          "fullName": "Reducer Logic PLACE_TERRAIN Action should add terrain to ground layer",
          "status": "failed",
          "title": "should add terrain to ground layer",
          "duration": 0.18945800000005875,
          "failureMessages": [
            "Error: [Immer] The plugin for 'MapSet' has not been loaded into Immer. To enable the plugin, import and call `enableMapSet()` when initializing your application.\n    at die (file:///Users/mathieu/dev/outside/node_modules/.pnpm/immer@10.2.0/node_modules/immer/dist/immer.mjs:42:11)\n    at getPlugin (file:///Users/mathieu/dev/outside/node_modules/.pnpm/immer@10.2.0/node_modules/immer/dist/immer.mjs:202:5)\n    at createProxy (file:///Users/mathieu/dev/outside/node_modules/.pnpm/immer@10.2.0/node_modules/immer/dist/immer.mjs:730:32)\n    at Object.get (file:///Users/mathieu/dev/outside/node_modules/.pnpm/immer@10.2.0/node_modules/immer/dist/immer.mjs:437:34)\n    at /Users/mathieu/dev/outside/packages/outside-client/src/store/reducers.ts:54:31\n    at Immer2.produce (file:///Users/mathieu/dev/outside/node_modules/.pnpm/immer@10.2.0/node_modules/immer/dist/immer.mjs:614:20)\n    at reducer (/Users/mathieu/dev/outside/packages/outside-client/src/store/reducers.ts:28:10)\n    at /Users/mathieu/dev/outside/packages/outside-client/src/store/reducers.test.ts:175:24\n    at file:///Users/mathieu/dev/outside/node_modules/.pnpm/@vitest+runner@4.0.17/node_modules/@vitest/runner/dist/index.js:145:11\n    at file:///Users/mathieu/dev/outside/node_modules/.pnpm/@vitest+runner@4.0.17/node_modules/@vitest/runner/dist/index.js:915:26"
          ],
          "meta": {}
        },
        {
          "ancestorTitles": ["Reducer Logic", "PLACE_TERRAIN Action"],
          "fullName": "Reducer Logic PLACE_TERRAIN Action should handle terrain placement validation",
          "status": "failed",
          "title": "should handle terrain placement validation",
          "duration": 0.1343330000000833,
          "failureMessages": [
            "Error: [Immer] The plugin for 'MapSet' has not been loaded into Immer. To enable the plugin, import and call `enableMapSet()` when initializing your application.\n    at die (file:///Users/mathieu/dev/outside/node_modules/.pnpm/immer@10.2.0/node_modules/immer/dist/immer.mjs:42:11)\n    at getPlugin (file:///Users/mathieu/dev/outside/node_modules/.pnpm/immer@10.2.0/node_modules/immer/dist/immer.mjs:202:5)\n    at createProxy (file:///Users/mathieu/dev/outside/node_modules/.pnpm/immer@10.2.0/node_modules/immer/dist/immer.mjs:730:32)\n    at Object.get (file:///Users/mathieu/dev/outside/node_modules/.pnpm/immer@10.2.0/node_modules/immer/dist/immer.mjs:437:34)\n    at /Users/mathieu/dev/outside/packages/outside-client/src/store/reducers.ts:54:31\n    at Immer2.produce (file:///Users/mathieu/dev/outside/node_modules/.pnpm/immer@10.2.0/node_modules/immer/dist/immer.mjs:614:20)\n    at reducer (/Users/mathieu/dev/outside/packages/outside-client/src/store/reducers.ts:28:10)\n    at /Users/mathieu/dev/outside/packages/outside-client/src/store/reducers.test.ts:206:23\n    at Array.forEach (<anonymous>)\n    at /Users/mathieu/dev/outside/packages/outside-client/src/store/reducers.test.ts:204:20"
          ],
          "meta": {}
        },
        {
          "ancestorTitles": ["Reducer Logic", "PLACE_TERRAIN Action"],
          "fullName": "Reducer Logic PLACE_TERRAIN Action should handle invalid terrain placement",
          "status": "failed",
          "title": "should handle invalid terrain placement",
          "duration": 0.5337090000000444,
          "failureMessages": [
            "Error: [Immer] The plugin for 'MapSet' has not been loaded into Immer. To enable the plugin, import and call `enableMapSet()` when initializing your application.\n    at die (file:///Users/mathieu/dev/outside/node_modules/.pnpm/immer@10.2.0/node_modules/immer/dist/immer.mjs:42:11)\n    at getPlugin (file:///Users/mathieu/dev/outside/node_modules/.pnpm/immer@10.2.0/node_modules/immer/dist/immer.mjs:202:5)\n    at createProxy (file:///Users/mathieu/dev/outside/node_modules/.pnpm/immer@10.2.0/node_modules/immer/dist/immer.mjs:730:32)\n    at Object.get (file:///Users/mathieu/dev/outside/node_modules/.pnpm/immer@10.2.0/node_modules/immer/dist/immer.mjs:437:34)\n    at /Users/mathieu/dev/outside/packages/outside-client/src/store/reducers.ts:54:31\n    at Immer2.produce (file:///Users/mathieu/dev/outside/node_modules/.pnpm/immer@10.2.0/node_modules/immer/dist/immer.mjs:614:20)\n    at reducer (/Users/mathieu/dev/outside/packages/outside-client/src/store/reducers.ts:28:10)\n    at /Users/mathieu/dev/outside/packages/outside-client/src/store/reducers.test.ts:225:24\n    at file:///Users/mathieu/dev/outside/node_modules/.pnpm/@vitest+runner@4.0.17/node_modules/@vitest/runner/dist/index.js:145:11\n    at file:///Users/mathieu/dev/outside/node_modules/.pnpm/@vitest+runner@4.0.17/node_modules/@vitest/runner/dist/index.js:915:26"
          ],
          "meta": {}
        },
        {
          "ancestorTitles": ["Reducer Logic", "PLACE_OBJECT Action"],
          "fullName": "Reducer Logic PLACE_OBJECT Action should place object at valid position",
          "status": "failed",
          "title": "should place object at valid position",
          "duration": 0.1301660000000311,
          "failureMessages": [
            "Error: [Immer] The plugin for 'MapSet' has not been loaded into Immer. To enable the plugin, import and call `enableMapSet()` when initializing your application.\n    at die (file:///Users/mathieu/dev/outside/node_modules/.pnpm/immer@10.2.0/node_modules/immer/dist/immer.mjs:42:11)\n    at getPlugin (file:///Users/mathieu/dev/outside/node_modules/.pnpm/immer@10.2.0/node_modules/immer/dist/immer.mjs:202:5)\n    at createProxy (file:///Users/mathieu/dev/outside/node_modules/.pnpm/immer@10.2.0/node_modules/immer/dist/immer.mjs:730:32)\n    at Object.get (file:///Users/mathieu/dev/outside/node_modules/.pnpm/immer@10.2.0/node_modules/immer/dist/immer.mjs:437:34)\n    at /Users/mathieu/dev/outside/packages/outside-client/src/store/reducers.ts:34:19\n    at Immer2.produce (file:///Users/mathieu/dev/outside/node_modules/.pnpm/immer@10.2.0/node_modules/immer/dist/immer.mjs:614:20)\n    at reducer (/Users/mathieu/dev/outside/packages/outside-client/src/store/reducers.ts:28:10)\n    at /Users/mathieu/dev/outside/packages/outside-client/src/store/reducers.test.ts:237:7\n    at file:///Users/mathieu/dev/outside/node_modules/.pnpm/@vitest+runner@4.0.17/node_modules/@vitest/runner/dist/index.js:145:11\n    at file:///Users/mathieu/dev/outside/node_modules/.pnpm/@vitest+runner@4.0.17/node_modules/@vitest/runner/dist/index.js:1243:20"
          ],
          "meta": {}
        },
        {
          "ancestorTitles": ["Reducer Logic", "PLACE_OBJECT Action"],
          "fullName": "Reducer Logic PLACE_OBJECT Action should handle placement of non-existent object",
          "status": "failed",
          "title": "should handle placement of non-existent object",
          "duration": 0.1059579999999869,
          "failureMessages": [
            "Error: [Immer] The plugin for 'MapSet' has not been loaded into Immer. To enable the plugin, import and call `enableMapSet()` when initializing your application.\n    at die (file:///Users/mathieu/dev/outside/node_modules/.pnpm/immer@10.2.0/node_modules/immer/dist/immer.mjs:42:11)\n    at getPlugin (file:///Users/mathieu/dev/outside/node_modules/.pnpm/immer@10.2.0/node_modules/immer/dist/immer.mjs:202:5)\n    at createProxy (file:///Users/mathieu/dev/outside/node_modules/.pnpm/immer@10.2.0/node_modules/immer/dist/immer.mjs:730:32)\n    at Object.get (file:///Users/mathieu/dev/outside/node_modules/.pnpm/immer@10.2.0/node_modules/immer/dist/immer.mjs:437:34)\n    at /Users/mathieu/dev/outside/packages/outside-client/src/store/reducers.ts:34:19\n    at Immer2.produce (file:///Users/mathieu/dev/outside/node_modules/.pnpm/immer@10.2.0/node_modules/immer/dist/immer.mjs:614:20)\n    at reducer (/Users/mathieu/dev/outside/packages/outside-client/src/store/reducers.ts:28:10)\n    at /Users/mathieu/dev/outside/packages/outside-client/src/store/reducers.test.ts:237:7\n    at file:///Users/mathieu/dev/outside/node_modules/.pnpm/@vitest+runner@4.0.17/node_modules/@vitest/runner/dist/index.js:145:11\n    at file:///Users/mathieu/dev/outside/node_modules/.pnpm/@vitest+runner@4.0.17/node_modules/@vitest/runner/dist/index.js:1243:20"
          ],
          "meta": {}
        },
        {
          "ancestorTitles": ["Reducer Logic", "PLACE_OBJECT Action"],
          "fullName": "Reducer Logic PLACE_OBJECT Action should handle out-of-bounds placement",
          "status": "failed",
          "title": "should handle out-of-bounds placement",
          "duration": 0.07983300000000781,
          "failureMessages": [
            "Error: [Immer] The plugin for 'MapSet' has not been loaded into Immer. To enable the plugin, import and call `enableMapSet()` when initializing your application.\n    at die (file:///Users/mathieu/dev/outside/node_modules/.pnpm/immer@10.2.0/node_modules/immer/dist/immer.mjs:42:11)\n    at getPlugin (file:///Users/mathieu/dev/outside/node_modules/.pnpm/immer@10.2.0/node_modules/immer/dist/immer.mjs:202:5)\n    at createProxy (file:///Users/mathieu/dev/outside/node_modules/.pnpm/immer@10.2.0/node_modules/immer/dist/immer.mjs:730:32)\n    at Object.get (file:///Users/mathieu/dev/outside/node_modules/.pnpm/immer@10.2.0/node_modules/immer/dist/immer.mjs:437:34)\n    at /Users/mathieu/dev/outside/packages/outside-client/src/store/reducers.ts:34:19\n    at Immer2.produce (file:///Users/mathieu/dev/outside/node_modules/.pnpm/immer@10.2.0/node_modules/immer/dist/immer.mjs:614:20)\n    at reducer (/Users/mathieu/dev/outside/packages/outside-client/src/store/reducers.ts:28:10)\n    at /Users/mathieu/dev/outside/packages/outside-client/src/store/reducers.test.ts:237:7\n    at file:///Users/mathieu/dev/outside/node_modules/.pnpm/@vitest+runner@4.0.17/node_modules/@vitest/runner/dist/index.js:145:11\n    at file:///Users/mathieu/dev/outside/node_modules/.pnpm/@vitest+runner@4.0.17/node_modules/@vitest/runner/dist/index.js:1243:20"
          ],
          "meta": {}
        },
        {
          "ancestorTitles": ["Reducer Logic", "SET_WORLD_STATE Action"],
          "fullName": "Reducer Logic SET_WORLD_STATE Action should replace entire world state",
          "status": "passed",
          "title": "should replace entire world state",
          "duration": 0.8817080000000033,
          "failureMessages": [],
          "meta": {}
        },
        {
          "ancestorTitles": ["Reducer Logic", "SET_WORLD_STATE Action"],
          "fullName": "Reducer Logic SET_WORLD_STATE Action should handle empty world state replacement",
          "status": "failed",
          "title": "should handle empty world state replacement",
          "duration": 5.051791999999978,
          "failureMessages": [
            "AssertionError: expected { grid: [ …(10) ], …(5) } to be null\n    at /Users/mathieu/dev/outside/packages/outside-client/src/store/reducers.test.ts:301:24\n    at file:///Users/mathieu/dev/outside/node_modules/.pnpm/@vitest+runner@4.0.17/node_modules/@vitest/runner/dist/index.js:145:11\n    at file:///Users/mathieu/dev/outside/node_modules/.pnpm/@vitest+runner@4.0.17/node_modules/@vitest/runner/dist/index.js:915:26\n    at file:///Users/mathieu/dev/outside/node_modules/.pnpm/@vitest+runner@4.0.17/node_modules/@vitest/runner/dist/index.js:1243:20\n    at new Promise (<anonymous>)\n    at runWithTimeout (file:///Users/mathieu/dev/outside/node_modules/.pnpm/@vitest+runner@4.0.17/node_modules/@vitest/runner/dist/index.js:1209:10)\n    at file:///Users/mathieu/dev/outside/node_modules/.pnpm/@vitest+runner@4.0.17/node_modules/@vitest/runner/dist/index.js:1653:37\n    at Traces.$ (file:///Users/mathieu/dev/outside/node_modules/.pnpm/vitest@4.0.17_@opentelemetry+api@1.9.0_@types+node@25.0.9_@vitest+ui@4.0.17_jsdom@25.0.1_tsx@4.21.0/node_modules/vitest/dist/chunks/traces.CCmnQaNT.js:142:27)\n    at trace (file:///Users/mathieu/dev/outside/node_modules/.pnpm/vitest@4.0.17_@opentelemetry+api@1.9.0_@types+node@25.0.9_@vitest+ui@4.0.17_jsdom@25.0.1_tsx@4.21.0/node_modules/vitest/dist/chunks/test.B8ej_ZHS.js:239:21)\n    at runTest (file:///Users/mathieu/dev/outside/node_modules/.pnpm/@vitest+runner@4.0.17/node_modules/@vitest/runner/dist/index.js:1653:12)"
          ],
          "meta": {}
        },
        {
          "ancestorTitles": ["Reducer Logic", "Unknown Actions"],
          "fullName": "Reducer Logic Unknown Actions should return unchanged state for unknown action types",
          "status": "failed",
          "title": "should return unchanged state for unknown action types",
          "duration": 5.044667000000004,
          "failureMessages": [
            "AssertionError: expected { grid: [ …(10) ], …(5) } to deeply equal { grid: [ …(10) ], …(5) }\n    at /Users/mathieu/dev/outside/packages/outside-client/src/store/reducers.test.ts:314:24\n    at file:///Users/mathieu/dev/outside/node_modules/.pnpm/@vitest+runner@4.0.17/node_modules/@vitest/runner/dist/index.js:145:11\n    at file:///Users/mathieu/dev/outside/node_modules/.pnpm/@vitest+runner@4.0.17/node_modules/@vitest/runner/dist/index.js:915:26\n    at file:///Users/mathieu/dev/outside/node_modules/.pnpm/@vitest+runner@4.0.17/node_modules/@vitest/runner/dist/index.js:1243:20\n    at new Promise (<anonymous>)\n    at runWithTimeout (file:///Users/mathieu/dev/outside/node_modules/.pnpm/@vitest+runner@4.0.17/node_modules/@vitest/runner/dist/index.js:1209:10)\n    at file:///Users/mathieu/dev/outside/node_modules/.pnpm/@vitest+runner@4.0.17/node_modules/@vitest/runner/dist/index.js:1653:37\n    at Traces.$ (file:///Users/mathieu/dev/outside/node_modules/.pnpm/vitest@4.0.17_@opentelemetry+api@1.9.0_@types+node@25.0.9_@vitest+ui@4.0.17_jsdom@25.0.1_tsx@4.21.0/node_modules/vitest/dist/chunks/traces.CCmnQaNT.js:142:27)\n    at trace (file:///Users/mathieu/dev/outside/node_modules/.pnpm/vitest@4.0.17_@opentelemetry+api@1.9.0_@types+node@25.0.9_@vitest+ui@4.0.17_jsdom@25.0.1_tsx@4.21.0/node_modules/vitest/dist/chunks/test.B8ej_ZHS.js:239:21)\n    at runTest (file:///Users/mathieu/dev/outside/node_modules/.pnpm/@vitest+runner@4.0.17/node_modules/@vitest/runner/dist/index.js:1653:12)"
          ],
          "meta": {}
        },
        {
          "ancestorTitles": ["Reducer Logic", "Unknown Actions"],
          "fullName": "Reducer Logic Unknown Actions should handle malformed actions gracefully",
          "status": "passed",
          "title": "should handle malformed actions gracefully",
          "duration": 0.3818750000000364,
          "failureMessages": [],
          "meta": {}
        },
        {
          "ancestorTitles": ["Reducer Logic", "State Immutability"],
          "fullName": "Reducer Logic State Immutability should not modify original state",
          "status": "failed",
          "title": "should not modify original state",
          "duration": 0.17737499999998363,
          "failureMessages": [
            "Error: [Immer] The plugin for 'MapSet' has not been loaded into Immer. To enable the plugin, import and call `enableMapSet()` when initializing your application.\n    at die (file:///Users/mathieu/dev/outside/node_modules/.pnpm/immer@10.2.0/node_modules/immer/dist/immer.mjs:42:11)\n    at getPlugin (file:///Users/mathieu/dev/outside/node_modules/.pnpm/immer@10.2.0/node_modules/immer/dist/immer.mjs:202:5)\n    at createProxy (file:///Users/mathieu/dev/outside/node_modules/.pnpm/immer@10.2.0/node_modules/immer/dist/immer.mjs:730:32)\n    at Object.get (file:///Users/mathieu/dev/outside/node_modules/.pnpm/immer@10.2.0/node_modules/immer/dist/immer.mjs:437:34)\n    at /Users/mathieu/dev/outside/packages/outside-client/src/store/reducers.ts:34:19\n    at Immer2.produce (file:///Users/mathieu/dev/outside/node_modules/.pnpm/immer@10.2.0/node_modules/immer/dist/immer.mjs:614:20)\n    at reducer (/Users/mathieu/dev/outside/packages/outside-client/src/store/reducers.ts:28:10)\n    at /Users/mathieu/dev/outside/packages/outside-client/src/store/reducers.test.ts:341:24\n    at file:///Users/mathieu/dev/outside/node_modules/.pnpm/@vitest+runner@4.0.17/node_modules/@vitest/runner/dist/index.js:145:11\n    at file:///Users/mathieu/dev/outside/node_modules/.pnpm/@vitest+runner@4.0.17/node_modules/@vitest/runner/dist/index.js:915:26"
          ],
          "meta": {}
        },
        {
          "ancestorTitles": ["Reducer Logic", "State Immutability"],
          "fullName": "Reducer Logic State Immutability should create new state object",
          "status": "failed",
          "title": "should create new state object",
          "duration": 0.10029199999996763,
          "failureMessages": [
            "Error: [Immer] The plugin for 'MapSet' has not been loaded into Immer. To enable the plugin, import and call `enableMapSet()` when initializing your application.\n    at die (file:///Users/mathieu/dev/outside/node_modules/.pnpm/immer@10.2.0/node_modules/immer/dist/immer.mjs:42:11)\n    at getPlugin (file:///Users/mathieu/dev/outside/node_modules/.pnpm/immer@10.2.0/node_modules/immer/dist/immer.mjs:202:5)\n    at createProxy (file:///Users/mathieu/dev/outside/node_modules/.pnpm/immer@10.2.0/node_modules/immer/dist/immer.mjs:730:32)\n    at Object.get (file:///Users/mathieu/dev/outside/node_modules/.pnpm/immer@10.2.0/node_modules/immer/dist/immer.mjs:437:34)\n    at /Users/mathieu/dev/outside/packages/outside-client/src/store/reducers.ts:34:19\n    at Immer2.produce (file:///Users/mathieu/dev/outside/node_modules/.pnpm/immer@10.2.0/node_modules/immer/dist/immer.mjs:614:20)\n    at reducer (/Users/mathieu/dev/outside/packages/outside-client/src/store/reducers.ts:28:10)\n    at /Users/mathieu/dev/outside/packages/outside-client/src/store/reducers.test.ts:355:24\n    at file:///Users/mathieu/dev/outside/node_modules/.pnpm/@vitest+runner@4.0.17/node_modules/@vitest/runner/dist/index.js:145:11\n    at file:///Users/mathieu/dev/outside/node_modules/.pnpm/@vitest+runner@4.0.17/node_modules/@vitest/runner/dist/index.js:915:26"
          ],
          "meta": {}
        },
        {
          "ancestorTitles": ["Reducer Logic", "Branch Coverage"],
          "fullName": "Reducer Logic Branch Coverage should handle all conditional paths in CREATE_BOT",
          "status": "failed",
          "title": "should handle all conditional paths in CREATE_BOT",
          "duration": 0.09050000000002001,
          "failureMessages": [
            "Error: [Immer] The plugin for 'MapSet' has not been loaded into Immer. To enable the plugin, import and call `enableMapSet()` when initializing your application.\n    at die (file:///Users/mathieu/dev/outside/node_modules/.pnpm/immer@10.2.0/node_modules/immer/dist/immer.mjs:42:11)\n    at getPlugin (file:///Users/mathieu/dev/outside/node_modules/.pnpm/immer@10.2.0/node_modules/immer/dist/immer.mjs:202:5)\n    at createProxy (file:///Users/mathieu/dev/outside/node_modules/.pnpm/immer@10.2.0/node_modules/immer/dist/immer.mjs:730:32)\n    at Object.get (file:///Users/mathieu/dev/outside/node_modules/.pnpm/immer@10.2.0/node_modules/immer/dist/immer.mjs:437:34)\n    at /Users/mathieu/dev/outside/packages/outside-client/src/store/reducers.ts:34:19\n    at Immer2.produce (file:///Users/mathieu/dev/outside/node_modules/.pnpm/immer@10.2.0/node_modules/immer/dist/immer.mjs:614:20)\n    at reducer (/Users/mathieu/dev/outside/packages/outside-client/src/store/reducers.ts:28:10)\n    at /Users/mathieu/dev/outside/packages/outside-client/src/store/reducers.test.ts:369:28\n    at file:///Users/mathieu/dev/outside/node_modules/.pnpm/@vitest+runner@4.0.17/node_modules/@vitest/runner/dist/index.js:145:11\n    at file:///Users/mathieu/dev/outside/node_modules/.pnpm/@vitest+runner@4.0.17/node_modules/@vitest/runner/dist/index.js:915:26"
          ],
          "meta": {}
        },
        {
          "ancestorTitles": ["Reducer Logic", "Branch Coverage"],
          "fullName": "Reducer Logic Branch Coverage should handle all conditional paths in MOVE_BOT",
          "status": "failed",
          "title": "should handle all conditional paths in MOVE_BOT",
          "duration": 0.2575409999999465,
          "failureMessages": [
[...]
        "36": { "start": { "line": 95, "column": 17 }, "end": { "line": 95, "column": 20 } },
        "37": { "start": { "line": 96, "column": 20 }, "end": { "line": 96, "column": null } },
        "38": { "start": { "line": 98, "column": 6 }, "end": { "line": 98, "column": null } },
        "39": { "start": { "line": 98, "column": 42 }, "end": { "line": 98, "column": null } },
        "40": { "start": { "line": 100, "column": 6 }, "end": { "line": 100, "column": null } },
        "41": { "start": { "line": 103, "column": 4 }, "end": { "line": 103, "column": null } },
        "42": { "start": { "line": 108, "column": 4 }, "end": { "line": 108, "column": null } },
        "43": { "start": { "line": 112, "column": 4 }, "end": { "line": 125, "column": null } },
        "44": { "start": { "line": 120, "column": 8 }, "end": { "line": 120, "column": null } },
        "45": { "start": { "line": 122, "column": 8 }, "end": { "line": 122, "column": null } },
        "46": { "start": { "line": 124, "column": 8 }, "end": { "line": 124, "column": null } },
        "47": { "start": { "line": 129, "column": 4 }, "end": { "line": 129, "column": null } },
        "48": { "start": { "line": 133, "column": 19 }, "end": { "line": 133, "column": null } },
        "49": { "start": { "line": 134, "column": 25 }, "end": { "line": 134, "column": null } },
        "50": { "start": { "line": 135, "column": 4 }, "end": { "line": 135, "column": null } },
        "51": { "start": { "line": 139, "column": 19 }, "end": { "line": 139, "column": null } },
        "52": { "start": { "line": 140, "column": 4 }, "end": { "line": 152, "column": null } },
        "53": { "start": { "line": 141, "column": 31 }, "end": { "line": 141, "column": null } },
        "54": { "start": { "line": 142, "column": 29 }, "end": { "line": 142, "column": null } },
        "55": { "start": { "line": 144, "column": 79 }, "end": { "line": 148, "column": null } },
        "56": { "start": { "line": 150, "column": 30 }, "end": { "line": 150, "column": null } },
        "57": { "start": { "line": 151, "column": 6 }, "end": { "line": 151, "column": null } },
        "58": { "start": { "line": 156, "column": 4 }, "end": { "line": 160, "column": null } },
        "59": { "start": { "line": 157, "column": 6 }, "end": { "line": 157, "column": null } },
        "60": { "start": { "line": 158, "column": 6 }, "end": { "line": 158, "column": null } },
        "61": { "start": { "line": 159, "column": 6 }, "end": { "line": 159, "column": null } },
        "62": { "start": { "line": 164, "column": 4 }, "end": { "line": 164, "column": null } },
        "63": { "start": { "line": 165, "column": 4 }, "end": { "line": 165, "column": null } }
      },
      "fnMap": {
        "0": {
          "name": "(anonymous_0)",
          "decl": { "start": { "line": 14, "column": 2 }, "end": { "line": 14, "column": 14 } },
          "loc": { "start": { "line": 14, "column": 88 }, "end": { "line": 21, "column": null } },
          "line": 14
        },
        "1": {
          "name": "(anonymous_1)",
          "decl": { "start": { "line": 23, "column": 2 }, "end": { "line": 23, "column": 35 } },
          "loc": { "start": { "line": 23, "column": 35 }, "end": { "line": 30, "column": null } },
          "line": 23
        },
        "2": {
          "name": "(anonymous_2)",
          "decl": { "start": { "line": 32, "column": 2 }, "end": { "line": 32, "column": 36 } },
          "loc": { "start": { "line": 32, "column": 36 }, "end": { "line": 34, "column": null } },
          "line": 32
        },
        "3": {
          "name": "(anonymous_3)",
          "decl": { "start": { "line": 36, "column": 2 }, "end": { "line": 36, "column": 27 } },
          "loc": { "start": { "line": 36, "column": 27 }, "end": { "line": 38, "column": null } },
          "line": 36
        },
        "4": {
          "name": "(anonymous_4)",
          "decl": { "start": { "line": 40, "column": 2 }, "end": { "line": 40, "column": 16 } },
          "loc": { "start": { "line": 40, "column": 64 }, "end": { "line": 42, "column": null } },
          "line": 40
        },
        "5": {
          "name": "(anonymous_5)",
          "decl": { "start": { "line": 44, "column": 10 }, "end": { "line": 44, "column": 36 } },
          "loc": { "start": { "line": 44, "column": 36 }, "end": { "line": 46, "column": null } },
          "line": 44
        },
        "6": {
          "name": "(anonymous_6)",
          "decl": { "start": { "line": 45, "column": 38 }, "end": { "line": 45, "column": 39 } },
          "loc": { "start": { "line": 45, "column": 52 }, "end": { "line": 45, "column": 80 } },
          "line": 45
        },
        "7": {
          "name": "(anonymous_7)",
          "decl": { "start": { "line": 48, "column": 10 }, "end": { "line": 48, "column": 39 } },
          "loc": { "start": { "line": 48, "column": 39 }, "end": { "line": 55, "column": null } },
          "line": 48
        },
        "8": {
          "name": "(anonymous_8)",
          "decl": { "start": { "line": 50, "column": 38 }, "end": { "line": 50, "column": 39 } },
          "loc": { "start": { "line": 50, "column": 52 }, "end": { "line": 54, "column": 5 } },
          "line": 50
        },
        "9": {
          "name": "(anonymous_9)",
          "decl": { "start": { "line": 57, "column": 2 }, "end": { "line": 57, "column": 11 } },
          "loc": { "start": { "line": 57, "column": 37 }, "end": { "line": 72, "column": null } },
          "line": 57
        },
        "10": {
          "name": "(anonymous_10)",
          "decl": { "start": { "line": 74, "column": 2 }, "end": { "line": 74, "column": 22 } },
          "loc": { "start": { "line": 74, "column": 22 }, "end": { "line": 76, "column": null } },
          "line": 74
        },
        "11": {
          "name": "(anonymous_11)",
          "decl": { "start": { "line": 78, "column": 2 }, "end": { "line": 78, "column": 23 } },
          "loc": { "start": { "line": 78, "column": 23 }, "end": { "line": 80, "column": null } },
          "line": 78
        },
        "12": {
          "name": "(anonymous_12)",
          "decl": { "start": { "line": 82, "column": 2 }, "end": { "line": 82, "column": 20 } },
          "loc": { "start": { "line": 82, "column": 20 }, "end": { "line": 84, "column": null } },
          "line": 82
        },
        "13": {
          "name": "(anonymous_13)",
          "decl": { "start": { "line": 86, "column": 2 }, "end": { "line": 86, "column": 18 } },
          "loc": { "start": { "line": 86, "column": 18 }, "end": { "line": 89, "column": null } },
          "line": 86
        },
        "14": {
          "name": "(anonymous_14)",
          "decl": { "start": { "line": 91, "column": 10 }, "end": { "line": 91, "column": 27 } },
          "loc": { "start": { "line": 91, "column": 52 }, "end": { "line": 104, "column": null } },
          "line": 91
        },
        "15": {
          "name": "(anonymous_15)",
          "decl": { "start": { "line": 106, "column": 10 }, "end": { "line": 106, "column": 33 } },
          "loc": { "start": { "line": 106, "column": 33 }, "end": { "line": 109, "column": null } },
          "line": 106
        },
        "16": {
          "name": "(anonymous_16)",
          "decl": { "start": { "line": 111, "column": 10 }, "end": { "line": 111, "column": 18 } },
          "loc": { "start": { "line": 111, "column": 48 }, "end": { "line": 126, "column": null } },
          "line": 111
        },
        "17": {
          "name": "(anonymous_17)",
          "decl": { "start": { "line": 128, "column": 10 }, "end": { "line": 128, "column": 27 } },
          "loc": { "start": { "line": 128, "column": 57 }, "end": { "line": 130, "column": null } },
          "line": 128
        },
        "18": {
          "name": "(anonymous_18)",
          "decl": { "start": { "line": 132, "column": 2 }, "end": { "line": 132, "column": 18 } },
          "loc": { "start": { "line": 132, "column": 45 }, "end": { "line": 136, "column": null } },
          "line": 132
        },
        "19": {
          "name": "(anonymous_19)",
          "decl": { "start": { "line": 138, "column": 2 }, "end": { "line": 138, "column": 23 } },
          "loc": { "start": { "line": 138, "column": 23 }, "end": { "line": 153, "column": null } },
          "line": 138
        },
        "20": {
          "name": "(anonymous_20)",
          "decl": { "start": { "line": 155, "column": 2 }, "end": { "line": 155, "column": 26 } },
          "loc": { "start": { "line": 155, "column": 26 }, "end": { "line": 161, "column": null } },
          "line": 155
        },
        "21": {
          "name": "(anonymous_21)",
          "decl": { "start": { "line": 163, "column": 2 }, "end": { "line": 163, "column": 19 } },
          "loc": { "start": { "line": 163, "column": 47 }, "end": { "line": 166, "column": null } },
          "line": 163
        }
      },
      "branchMap": {
        "0": {
          "loc": { "start": { "line": 18, "column": 17 }, "end": { "line": 18, "column": null } },
          "type": "binary-expr",
          "locations": [
            { "start": { "line": 18, "column": 17 }, "end": { "line": 18, "column": 38 } },
            { "start": { "line": 18, "column": 38 }, "end": { "line": 18, "column": null } }
          ],
          "line": 18
        },
        "1": {
          "loc": { "start": { "line": 19, "column": 25 }, "end": { "line": 19, "column": null } },
          "type": "binary-expr",
          "locations": [
            { "start": { "line": 19, "column": 25 }, "end": { "line": 19, "column": 54 } },
            { "start": { "line": 19, "column": 54 }, "end": { "line": 19, "column": null } }
          ],
          "line": 19
        },
        "2": {
          "loc": { "start": { "line": 27, "column": 12 }, "end": { "line": 27, "column": null } },
          "type": "cond-expr",
          "locations": [
            { "start": { "line": 27, "column": 59 }, "end": { "line": 27, "column": 70 } },
            { "start": { "line": 27, "column": 70 }, "end": { "line": 27, "column": null } }
          ],
          "line": 27
        },
        "3": {
          "loc": { "start": { "line": 51, "column": 6 }, "end": { "line": 53, "column": null } },
          "type": "if",
          "locations": [
            { "start": { "line": 51, "column": 6 }, "end": { "line": 53, "column": null } },
            { "start": {}, "end": {} }
          ],
          "line": 51
        },
        "4": {
          "loc": { "start": { "line": 59, "column": 4 }, "end": { "line": 59, "column": null } },
          "type": "if",
          "locations": [
            { "start": { "line": 59, "column": 4 }, "end": { "line": 59, "column": null } },
            { "start": {}, "end": {} }
          ],
          "line": 59
        },
        "5": {
          "loc": { "start": { "line": 59, "column": 8 }, "end": { "line": 59, "column": 55 } },
          "type": "binary-expr",
          "locations": [
            { "start": { "line": 59, "column": 8 }, "end": { "line": 59, "column": 26 } },
            { "start": { "line": 59, "column": 26 }, "end": { "line": 59, "column": 55 } }
          ],
          "line": 59
        },
        "6": {
          "loc": { "start": { "line": 61, "column": 4 }, "end": { "line": 63, "column": null } },
          "type": "if",
          "locations": [
            { "start": { "line": 61, "column": 4 }, "end": { "line": 63, "column": null } },
            { "start": {}, "end": {} }
          ],
          "line": 61
        },
        "7": {
          "loc": { "start": { "line": 98, "column": 6 }, "end": { "line": 98, "column": null } },
          "type": "if",
          "locations": [
            { "start": { "line": 98, "column": 6 }, "end": { "line": 98, "column": null } },
            { "start": {}, "end": {} }
          ],
          "line": 98
        },
        "8": {
          "loc": { "start": { "line": 98, "column": 11 }, "end": { "line": 98, "column": 30 } },
          "type": "binary-expr",
          "locations": [
            { "start": { "line": 98, "column": 11 }, "end": { "line": 98, "column": 25 } },
            { "start": { "line": 98, "column": 25 }, "end": { "line": 98, "column": 30 } }
          ],
          "line": 98
        },
        "9": {
          "loc": { "start": { "line": 112, "column": 4 }, "end": { "line": 125, "column": null } },
          "type": "switch",
          "locations": [
            { "start": { "line": 113, "column": 6 }, "end": { "line": 113, "column": null } },
            { "start": { "line": 114, "column": 6 }, "end": { "line": 114, "column": null } },
            { "start": { "line": 115, "column": 6 }, "end": { "line": 115, "column": null } },
            { "start": { "line": 116, "column": 6 }, "end": { "line": 116, "column": null } },
            { "start": { "line": 117, "column": 6 }, "end": { "line": 117, "column": null } },
            { "start": { "line": 118, "column": 6 }, "end": { "line": 118, "column": null } },
            { "start": { "line": 119, "column": 6 }, "end": { "line": 120, "column": null } },
            { "start": { "line": 121, "column": 6 }, "end": { "line": 122, "column": null } },
            { "start": { "line": 123, "column": 6 }, "end": { "line": 124, "column": null } }
          ],
          "line": 112
        },
        "10": {
          "loc": { "start": { "line": 140, "column": 4 }, "end": { "line": 152, "column": null } },
          "type": "if",
          "locations": [
            { "start": { "line": 140, "column": 4 }, "end": { "line": 152, "column": null } },
            { "start": {}, "end": {} }
          ],
          "line": 140
        },
        "11": {
          "loc": { "start": { "line": 156, "column": 4 }, "end": { "line": 160, "column": null } },
          "type": "if",
          "locations": [
            { "start": { "line": 156, "column": 4 }, "end": { "line": 160, "column": null } },
            { "start": {}, "end": {} }
          ],
          "line": 156
        }
      },
      "s": {
        "0": 58,
        "1": 58,
        "2": 58,
        "3": 58,
        "4": 58,
        "5": 58,
        "6": 58,
        "7": 10,
        "8": 10,
        "9": 1,
        "10": 23,
        "11": 6,
        "12": 6,
        "13": 0,
        "14": 5,
        "15": 5,
        "16": 0,
        "17": 0,
        "18": 200,
        "19": 200,
        "20": 194,
        "21": 6,
        "22": 6,
        "23": 6,
        "24": 6,
        "25": 6,
        "26": 6,
        "27": 6,
        "28": 3,
        "29": 2,
        "30": 0,
        "31": 1,
        "32": 1,
        "33": 6,
        "34": 6,
        "35": 6,
        "36": 6,
        "37": 8,
        "38": 8,
        "39": 0,
        "40": 8,
        "41": 5,
        "42": 6,
        "43": 8,
        "44": 7,
        "45": 0,
        "46": 0,
        "47": 7,
        "48": 0,
        "49": 0,
        "50": 0,
        "51": 0,
        "52": 0,
        "53": 0,
        "54": 0,
        "55": 0,
        "56": 0,
        "57": 0,
        "58": 0,
        "59": 0,
        "60": 0,
        "61": 0,
        "62": 6,
        "63": 6
      },
      "f": {
        "0": 58,
        "1": 10,
        "2": 1,
        "3": 23,
        "4": 6,
        "5": 6,
        "6": 0,
        "7": 5,
        "8": 0,
        "9": 200,
        "10": 3,
        "11": 2,
        "12": 0,
        "13": 1,
        "14": 6,
        "15": 6,
        "16": 8,
        "17": 7,
        "18": 0,
        "19": 0,
        "20": 0,
        "21": 6
      },
      "b": {
        "0": [58, 56],
        "1": [58, 57],
        "2": [9, 0],
        "3": [0, 0],
        "4": [194, 6],
        "5": [200, 196],
        "6": [6, 0],
        "7": [0, 8],
        "8": [8, 0],
        "9": [0, 4, 4, 7, 7, 7, 7, 0, 0],
        "10": [0, 0],
        "11": [0, 0]
      },
      "meta": {
        "lastBranch": 12,
        "lastFunction": 22,
        "lastStatement": 64,
        "seen": {
          "s:9:31:9:Infinity": 0,
          "s:10:28:10:Infinity": 1,
          "s:11:41:11:Infinity": 2,
          "s:12:69:12:Infinity": 3,
          "f:14:2:14:14": 0,
          "s:15:4:15:Infinity": 4,
          "s:16:4:16:Infinity": 5,
          "s:17:4:20:Infinity": 6,
          "b:18:17:18:38:18:38:18:Infinity": 0,
          "b:19:25:19:54:19:54:19:Infinity": 1,
          "f:23:2:23:35": 1,
          "s:24:19:24:Infinity": 7,
          "s:25:4:29:Infinity": 8,
          "b:27:59:27:70:27:70:27:Infinity": 2,
          "f:32:2:32:36": 2,
          "s:33:4:33:Infinity": 9,
          "f:36:2:36:27": 3,
          "s:37:4:37:Infinity": 10,
          "f:40:2:40:16": 4,
          "s:41:4:41:Infinity": 11,
          "f:44:10:44:36": 5,
          "s:45:4:45:Infinity": 12,
          "f:45:38:45:39": 6,
          "s:45:52:45:80": 13,
          "f:48:10:48:39": 7,
          "s:49:19:49:Infinity": 14,
          "s:50:4:54:Infinity": 15,
          "f:50:38:50:39": 8,
          "b:51:6:53:Infinity:undefined:undefined:undefined:undefined": 3,
          "s:51:6:53:Infinity": 16,
          "s:52:9:52:Infinity": 17,
          "f:57:2:57:11": 9,
          "s:58:19:58:Infinity": 18,
          "b:59:4:59:Infinity:undefined:undefined:undefined:undefined": 4,
          "s:59:4:59:Infinity": 19,
          "b:59:8:59:26:59:26:59:55": 5,
          "s:59:55:59:Infinity": 20,
          "b:61:4:63:Infinity:undefined:undefined:undefined:undefined": 6,
          "s:61:4:63:Infinity": 21,
          "s:62:6:62:Infinity": 22,
          "s:65:4:65:Infinity": 23,
          "s:66:4:66:Infinity": 24,
          "s:68:24:68:Infinity": 25,
          "s:69:4:69:Infinity": 26,
          "s:71:4:71:Infinity": 27,
          "f:74:2:74:22": 10,
          "s:75:4:75:Infinity": 28,
          "f:78:2:78:23": 11,
          "s:79:4:79:Infinity": 29,
          "f:82:2:82:20": 12,
          "s:83:4:83:Infinity": 30,
          "f:86:2:86:18": 13,
          "s:87:19:87:Infinity": 31,
          "s:88:4:88:Infinity": 32,
          "f:91:10:91:27": 14,
          "s:92:19:92:Infinity": 33,
          "s:93:16:93:Infinity": 34,
          "s:95:4:101:Infinity": 35,
          "s:95:17:95:20": 36,
          "s:96:20:96:Infinity": 37,
          "b:98:6:98:Infinity:undefined:undefined:undefined:undefined": 7,
          "s:98:6:98:Infinity": 38,
          "b:98:11:98:25:98:25:98:30": 8,
          "s:98:42:98:Infinity": 39,
          "s:100:6:100:Infinity": 40,
          "s:103:4:103:Infinity": 41,
          "f:106:10:106:33": 15,
          "s:108:4:108:Infinity": 42,
          "f:111:10:111:18": 16,
          "b:113:6:113:Infinity:114:6:114:Infinity:115:6:115:Infinity:116:6:116:Infinity:117:6:117:Infinity:118:6:118:Infinity:119:6:120:Infinity:121:6:122:Infinity:123:6:124:Infinity": 9,
          "s:112:4:125:Infinity": 43,
          "s:120:8:120:Infinity": 44,
          "s:122:8:122:Infinity": 45,
          "s:124:8:124:Infinity": 46,
          "f:128:10:128:27": 17,
          "s:129:4:129:Infinity": 47,
          "f:132:2:132:18": 18,
          "s:133:19:133:Infinity": 48,
          "s:134:25:134:Infinity": 49,
          "s:135:4:135:Infinity": 50,
          "f:138:2:138:23": 19,
          "s:139:19:139:Infinity": 51,
          "b:140:4:152:Infinity:undefined:undefined:undefined:undefined": 10,
          "s:140:4:152:Infinity": 52,
          "s:141:31:141:Infinity": 53,
          "s:142:29:142:Infinity": 54,
          "s:144:79:148:Infinity": 55,
          "s:150:30:150:Infinity": 56,
          "s:151:6:151:Infinity": 57,
          "f:155:2:155:26": 20,
          "b:156:4:160:Infinity:undefined:undefined:undefined:undefined": 11,
          "s:156:4:160:Infinity": 58,
          "s:157:6:157:Infinity": 59,
          "s:158:6:158:Infinity": 60,
          "s:159:6:159:Infinity": 61,
          "f:163:2:163:19": 21,
          "s:164:4:164:Infinity": 62,
          "s:165:4:165:Infinity": 63
        }
      }
    }
  }
}
